{
  "numFailedTestSuites": 3,
  "numFailedTests": 11,
  "numPassedTestSuites": 0,
  "numPassedTests": 0,
  "numPendingTestSuites": 0,
  "numPendingTests": 0,
  "numRuntimeErrorTestSuites": 3,
  "numTodoTests": 0,
  "numTotalTestSuites": 3,
  "numTotalTests": 11,
  "openHandles": [],
  "snapshot": {
    "added": 0,
    "didUpdate": false,
    "failure": false,
    "filesAdded": 0,
    "filesRemoved": 0,
    "filesRemovedList": [],
    "filesUnmatched": 0,
    "filesUpdated": 0,
    "matched": 0,
    "total": 0,
    "unchecked": 0,
    "uncheckedKeysByFile": [],
    "unmatched": 0,
    "updated": 0
  },
  "startTime": 1761215567350,
  "success": false,
  "testResults": [
    {
      "assertionResults": [
        {
          "ancestorTitles": [
            "StatusGateway (e2e)",
            "WebSocket Connection Flow"
          ],
          "duration": 1,
          "failureDetails": [{}],
          "failureMessages": [
            "TypeError: Configuration key \"JWT_SECRET\" does not exist\n    at ConfigService.getOrThrow (C:\\Users\\rll_l\\code\\cuadrantes2\\node_modules\\@nestjs\\config\\dist\\config.service.js:132:19)\n    at InstanceWrapper.useFactory [as metatype] (C:\\Users\\rll_l\\code\\cuadrantes2\\apps\\api\\src\\auth\\auth.module.ts:28:31)\n    at TestingInjector.instantiateClass (C:\\Users\\rll_l\\code\\cuadrantes2\\node_modules\\@nestjs\\core\\injector\\injector.js:422:55)\n    at callback (C:\\Users\\rll_l\\code\\cuadrantes2\\node_modules\\@nestjs\\core\\injector\\injector.js:70:45)\n    at TestingInjector.resolveConstructorParams (C:\\Users\\rll_l\\code\\cuadrantes2\\node_modules\\@nestjs\\core\\injector\\injector.js:170:24)\n    at TestingInjector.loadInstance (C:\\Users\\rll_l\\code\\cuadrantes2\\node_modules\\@nestjs\\core\\injector\\injector.js:75:13)\n    at TestingInjector.loadProvider (C:\\Users\\rll_l\\code\\cuadrantes2\\node_modules\\@nestjs\\core\\injector\\injector.js:103:9)\n    at C:\\Users\\rll_l\\code\\cuadrantes2\\node_modules\\@nestjs\\core\\injector\\instance-loader.js:56:13\n    at async Promise.all (index 4)\n    at TestingInstanceLoader.createInstancesOfProviders (C:\\Users\\rll_l\\code\\cuadrantes2\\node_modules\\@nestjs\\core\\injector\\instance-loader.js:55:9)\n    at C:\\Users\\rll_l\\code\\cuadrantes2\\node_modules\\@nestjs\\core\\injector\\instance-loader.js:40:13\n    at async Promise.all (index 13)\n    at TestingInstanceLoader.createInstances (C:\\Users\\rll_l\\code\\cuadrantes2\\node_modules\\@nestjs\\core\\injector\\instance-loader.js:39:9)\n    at TestingInstanceLoader.createInstancesOfDependencies (C:\\Users\\rll_l\\code\\cuadrantes2\\node_modules\\@nestjs\\core\\injector\\instance-loader.js:22:13)\n    at TestingInstanceLoader.createInstancesOfDependencies (C:\\Users\\rll_l\\code\\cuadrantes2\\node_modules\\@nestjs\\testing\\testing-instance-loader.js:9:9)\n    at TestingModuleBuilder.createInstancesOfDependencies (C:\\Users\\rll_l\\code\\cuadrantes2\\node_modules\\@nestjs\\testing\\testing-module.builder.js:118:9)\n    at TestingModuleBuilder.compile (C:\\Users\\rll_l\\code\\cuadrantes2\\node_modules\\@nestjs\\testing\\testing-module.builder.js:74:9)\n    at Object.<anonymous> (C:\\Users\\rll_l\\code\\cuadrantes2\\apps\\api\\test\\status.e2e-spec.ts:46:42)"
          ],
          "fullName": "StatusGateway (e2e) WebSocket Connection Flow should refuse connection with an invalid token",
          "invocations": 1,
          "location": null,
          "numPassingAsserts": 0,
          "retryReasons": [],
          "status": "failed",
          "title": "should refuse connection with an invalid token"
        },
        {
          "ancestorTitles": [
            "StatusGateway (e2e)",
            "WebSocket Connection Flow"
          ],
          "duration": 0,
          "failureDetails": [{}],
          "failureMessages": [
            "TypeError: Configuration key \"JWT_SECRET\" does not exist\n    at ConfigService.getOrThrow (C:\\Users\\rll_l\\code\\cuadrantes2\\node_modules\\@nestjs\\config\\dist\\config.service.js:132:19)\n    at InstanceWrapper.useFactory [as metatype] (C:\\Users\\rll_l\\code\\cuadrantes2\\apps\\api\\src\\auth\\auth.module.ts:28:31)\n    at TestingInjector.instantiateClass (C:\\Users\\rll_l\\code\\cuadrantes2\\node_modules\\@nestjs\\core\\injector\\injector.js:422:55)\n    at callback (C:\\Users\\rll_l\\code\\cuadrantes2\\node_modules\\@nestjs\\core\\injector\\injector.js:70:45)\n    at TestingInjector.resolveConstructorParams (C:\\Users\\rll_l\\code\\cuadrantes2\\node_modules\\@nestjs\\core\\injector\\injector.js:170:24)\n    at TestingInjector.loadInstance (C:\\Users\\rll_l\\code\\cuadrantes2\\node_modules\\@nestjs\\core\\injector\\injector.js:75:13)\n    at TestingInjector.loadProvider (C:\\Users\\rll_l\\code\\cuadrantes2\\node_modules\\@nestjs\\core\\injector\\injector.js:103:9)\n    at C:\\Users\\rll_l\\code\\cuadrantes2\\node_modules\\@nestjs\\core\\injector\\instance-loader.js:56:13\n    at async Promise.all (index 4)\n    at TestingInstanceLoader.createInstancesOfProviders (C:\\Users\\rll_l\\code\\cuadrantes2\\node_modules\\@nestjs\\core\\injector\\instance-loader.js:55:9)\n    at C:\\Users\\rll_l\\code\\cuadrantes2\\node_modules\\@nestjs\\core\\injector\\instance-loader.js:40:13\n    at async Promise.all (index 13)\n    at TestingInstanceLoader.createInstances (C:\\Users\\rll_l\\code\\cuadrantes2\\node_modules\\@nestjs\\core\\injector\\instance-loader.js:39:9)\n    at TestingInstanceLoader.createInstancesOfDependencies (C:\\Users\\rll_l\\code\\cuadrantes2\\node_modules\\@nestjs\\core\\injector\\instance-loader.js:22:13)\n    at TestingInstanceLoader.createInstancesOfDependencies (C:\\Users\\rll_l\\code\\cuadrantes2\\node_modules\\@nestjs\\testing\\testing-instance-loader.js:9:9)\n    at TestingModuleBuilder.createInstancesOfDependencies (C:\\Users\\rll_l\\code\\cuadrantes2\\node_modules\\@nestjs\\testing\\testing-module.builder.js:118:9)\n    at TestingModuleBuilder.compile (C:\\Users\\rll_l\\code\\cuadrantes2\\node_modules\\@nestjs\\testing\\testing-module.builder.js:74:9)\n    at Object.<anonymous> (C:\\Users\\rll_l\\code\\cuadrantes2\\apps\\api\\test\\status.e2e-spec.ts:46:42)"
          ],
          "fullName": "StatusGateway (e2e) WebSocket Connection Flow should notify clients when a user connects and disconnects",
          "invocations": 1,
          "location": null,
          "numPassingAsserts": 0,
          "retryReasons": [],
          "status": "failed",
          "title": "should notify clients when a user connects and disconnects"
        },
        {
          "ancestorTitles": [
            "StatusGateway (e2e)",
            "Admin Forced Disconnection Flow"
          ],
          "duration": 1,
          "failureDetails": [{}],
          "failureMessages": [
            "TypeError: Configuration key \"JWT_SECRET\" does not exist\n    at ConfigService.getOrThrow (C:\\Users\\rll_l\\code\\cuadrantes2\\node_modules\\@nestjs\\config\\dist\\config.service.js:132:19)\n    at InstanceWrapper.useFactory [as metatype] (C:\\Users\\rll_l\\code\\cuadrantes2\\apps\\api\\src\\auth\\auth.module.ts:28:31)\n    at TestingInjector.instantiateClass (C:\\Users\\rll_l\\code\\cuadrantes2\\node_modules\\@nestjs\\core\\injector\\injector.js:422:55)\n    at callback (C:\\Users\\rll_l\\code\\cuadrantes2\\node_modules\\@nestjs\\core\\injector\\injector.js:70:45)\n    at TestingInjector.resolveConstructorParams (C:\\Users\\rll_l\\code\\cuadrantes2\\node_modules\\@nestjs\\core\\injector\\injector.js:170:24)\n    at TestingInjector.loadInstance (C:\\Users\\rll_l\\code\\cuadrantes2\\node_modules\\@nestjs\\core\\injector\\injector.js:75:13)\n    at TestingInjector.loadProvider (C:\\Users\\rll_l\\code\\cuadrantes2\\node_modules\\@nestjs\\core\\injector\\injector.js:103:9)\n    at C:\\Users\\rll_l\\code\\cuadrantes2\\node_modules\\@nestjs\\core\\injector\\instance-loader.js:56:13\n    at async Promise.all (index 4)\n    at TestingInstanceLoader.createInstancesOfProviders (C:\\Users\\rll_l\\code\\cuadrantes2\\node_modules\\@nestjs\\core\\injector\\instance-loader.js:55:9)\n    at C:\\Users\\rll_l\\code\\cuadrantes2\\node_modules\\@nestjs\\core\\injector\\instance-loader.js:40:13\n    at async Promise.all (index 13)\n    at TestingInstanceLoader.createInstances (C:\\Users\\rll_l\\code\\cuadrantes2\\node_modules\\@nestjs\\core\\injector\\instance-loader.js:39:9)\n    at TestingInstanceLoader.createInstancesOfDependencies (C:\\Users\\rll_l\\code\\cuadrantes2\\node_modules\\@nestjs\\core\\injector\\instance-loader.js:22:13)\n    at TestingInstanceLoader.createInstancesOfDependencies (C:\\Users\\rll_l\\code\\cuadrantes2\\node_modules\\@nestjs\\testing\\testing-instance-loader.js:9:9)\n    at TestingModuleBuilder.createInstancesOfDependencies (C:\\Users\\rll_l\\code\\cuadrantes2\\node_modules\\@nestjs\\testing\\testing-module.builder.js:118:9)\n    at TestingModuleBuilder.compile (C:\\Users\\rll_l\\code\\cuadrantes2\\node_modules\\@nestjs\\testing\\testing-module.builder.js:74:9)\n    at Object.<anonymous> (C:\\Users\\rll_l\\code\\cuadrantes2\\apps\\api\\test\\status.e2e-spec.ts:46:42)"
          ],
          "fullName": "StatusGateway (e2e) Admin Forced Disconnection Flow should allow an admin to disconnect a user and invalidate their token",
          "invocations": 1,
          "location": null,
          "numPassingAsserts": 0,
          "retryReasons": [],
          "status": "failed",
          "title": "should allow an admin to disconnect a user and invalidate their token"
        },
        {
          "ancestorTitles": [
            "StatusGateway (e2e)",
            "Login Lockdown Flow (HTTP)"
          ],
          "duration": 0,
          "failureDetails": [{}, {}],
          "failureMessages": [
            "TypeError: Configuration key \"JWT_SECRET\" does not exist\n    at ConfigService.getOrThrow (C:\\Users\\rll_l\\code\\cuadrantes2\\node_modules\\@nestjs\\config\\dist\\config.service.js:132:19)\n    at InstanceWrapper.useFactory [as metatype] (C:\\Users\\rll_l\\code\\cuadrantes2\\apps\\api\\src\\auth\\auth.module.ts:28:31)\n    at TestingInjector.instantiateClass (C:\\Users\\rll_l\\code\\cuadrantes2\\node_modules\\@nestjs\\core\\injector\\injector.js:422:55)\n    at callback (C:\\Users\\rll_l\\code\\cuadrantes2\\node_modules\\@nestjs\\core\\injector\\injector.js:70:45)\n    at TestingInjector.resolveConstructorParams (C:\\Users\\rll_l\\code\\cuadrantes2\\node_modules\\@nestjs\\core\\injector\\injector.js:170:24)\n    at TestingInjector.loadInstance (C:\\Users\\rll_l\\code\\cuadrantes2\\node_modules\\@nestjs\\core\\injector\\injector.js:75:13)\n    at TestingInjector.loadProvider (C:\\Users\\rll_l\\code\\cuadrantes2\\node_modules\\@nestjs\\core\\injector\\injector.js:103:9)\n    at C:\\Users\\rll_l\\code\\cuadrantes2\\node_modules\\@nestjs\\core\\injector\\instance-loader.js:56:13\n    at async Promise.all (index 4)\n    at TestingInstanceLoader.createInstancesOfProviders (C:\\Users\\rll_l\\code\\cuadrantes2\\node_modules\\@nestjs\\core\\injector\\instance-loader.js:55:9)\n    at C:\\Users\\rll_l\\code\\cuadrantes2\\node_modules\\@nestjs\\core\\injector\\instance-loader.js:40:13\n    at async Promise.all (index 13)\n    at TestingInstanceLoader.createInstances (C:\\Users\\rll_l\\code\\cuadrantes2\\node_modules\\@nestjs\\core\\injector\\instance-loader.js:39:9)\n    at TestingInstanceLoader.createInstancesOfDependencies (C:\\Users\\rll_l\\code\\cuadrantes2\\node_modules\\@nestjs\\core\\injector\\instance-loader.js:22:13)\n    at TestingInstanceLoader.createInstancesOfDependencies (C:\\Users\\rll_l\\code\\cuadrantes2\\node_modules\\@nestjs\\testing\\testing-instance-loader.js:9:9)\n    at TestingModuleBuilder.createInstancesOfDependencies (C:\\Users\\rll_l\\code\\cuadrantes2\\node_modules\\@nestjs\\testing\\testing-module.builder.js:118:9)\n    at TestingModuleBuilder.compile (C:\\Users\\rll_l\\code\\cuadrantes2\\node_modules\\@nestjs\\testing\\testing-module.builder.js:74:9)\n    at Object.<anonymous> (C:\\Users\\rll_l\\code\\cuadrantes2\\apps\\api\\test\\status.e2e-spec.ts:46:42)",
            "TypeError: Cannot read properties of undefined (reading 'address')\n    at Test.serverAddress (C:\\Users\\rll_l\\code\\cuadrantes2\\node_modules\\supertest\\lib\\test.js:61:22)\n    at new Test (C:\\Users\\rll_l\\code\\cuadrantes2\\node_modules\\supertest\\lib\\test.js:49:14)\n    at Object.obj.<computed> [as get] (C:\\Users\\rll_l\\code\\cuadrantes2\\node_modules\\supertest\\index.js:39:18)\n    at Object.<anonymous> (C:\\Users\\rll_l\\code\\cuadrantes2\\apps\\api\\test\\status.e2e-spec.ts:213:10)\n    at Promise.then.completed (C:\\Users\\rll_l\\code\\cuadrantes2\\node_modules\\jest-circus\\build\\utils.js:298:28)\n    at new Promise (<anonymous>)\n    at callAsyncCircusFn (C:\\Users\\rll_l\\code\\cuadrantes2\\node_modules\\jest-circus\\build\\utils.js:231:10)\n    at _callCircusHook (C:\\Users\\rll_l\\code\\cuadrantes2\\node_modules\\jest-circus\\build\\run.js:281:40)\n    at _runTest (C:\\Users\\rll_l\\code\\cuadrantes2\\node_modules\\jest-circus\\build\\run.js:254:5)\n    at _runTestsForDescribeBlock (C:\\Users\\rll_l\\code\\cuadrantes2\\node_modules\\jest-circus\\build\\run.js:126:9)\n    at _runTestsForDescribeBlock (C:\\Users\\rll_l\\code\\cuadrantes2\\node_modules\\jest-circus\\build\\run.js:121:9)\n    at _runTestsForDescribeBlock (C:\\Users\\rll_l\\code\\cuadrantes2\\node_modules\\jest-circus\\build\\run.js:121:9)\n    at run (C:\\Users\\rll_l\\code\\cuadrantes2\\node_modules\\jest-circus\\build\\run.js:71:3)\n    at runAndTransformResultsToJestFormat (C:\\Users\\rll_l\\code\\cuadrantes2\\node_modules\\jest-circus\\build\\legacy-code-todo-rewrite\\jestAdapterInit.js:122:21)\n    at jestAdapter (C:\\Users\\rll_l\\code\\cuadrantes2\\node_modules\\jest-circus\\build\\legacy-code-todo-rewrite\\jestAdapter.js:79:19)\n    at runTestInternal (C:\\Users\\rll_l\\code\\cuadrantes2\\node_modules\\jest-runner\\build\\runTest.js:367:16)\n    at runTest (C:\\Users\\rll_l\\code\\cuadrantes2\\node_modules\\jest-runner\\build\\runTest.js:444:34)"
          ],
          "fullName": "StatusGateway (e2e) Login Lockdown Flow (HTTP) should block non-admin logins when lockdown is active",
          "invocations": 1,
          "location": null,
          "numPassingAsserts": 0,
          "retryReasons": [],
          "status": "failed",
          "title": "should block non-admin logins when lockdown is active"
        }
      ],
      "coverage": {},
      "endTime": 1761215572214,
      "message": "\u001b[1m\u001b[31m  \u001b[1m● \u001b[22m\u001b[1mStatusGateway (e2e) › WebSocket Connection Flow › should refuse connection with an invalid token\u001b[39m\u001b[22m\n\n    TypeError: Configuration key \"JWT_SECRET\" does not exist\n\u001b[2m\u001b[22m\n\u001b[2m    \u001b[0m \u001b[90m 26 |\u001b[39m         \u001b[90m// Si no, la aplicación fallará al iniciar con un error claro.\u001b[39m\u001b[22m\n\u001b[2m     \u001b[90m 27 |\u001b[39m         \u001b[90m// Esto garantiza a TypeScript que el valor nunca será 'undefined'.\u001b[39m\u001b[22m\n\u001b[2m    \u001b[31m\u001b[1m>\u001b[22m\u001b[2m\u001b[39m\u001b[90m 28 |\u001b[39m         secret\u001b[33m:\u001b[39m configService\u001b[33m.\u001b[39mgetOrThrow\u001b[33m<\u001b[39m\u001b[33mstring\u001b[39m\u001b[33m>\u001b[39m(\u001b[32m'JWT_SECRET'\u001b[39m)\u001b[33m,\u001b[39m\u001b[22m\n\u001b[2m     \u001b[90m    |\u001b[39m                               \u001b[31m\u001b[1m^\u001b[22m\u001b[2m\u001b[39m\u001b[22m\n\u001b[2m     \u001b[90m 29 |\u001b[39m         signOptions\u001b[33m:\u001b[39m {\u001b[22m\n\u001b[2m     \u001b[90m 30 |\u001b[39m           \u001b[90m// La librería acepta un número de segundos.\u001b[39m\u001b[22m\n\u001b[2m     \u001b[90m 31 |\u001b[39m           expiresIn\u001b[33m:\u001b[39m parseInt(configService\u001b[33m.\u001b[39m\u001b[36mget\u001b[39m(\u001b[32m'JWT_EXPIRATION'\u001b[39m\u001b[33m,\u001b[39m \u001b[32m'3600'\u001b[39m)\u001b[33m,\u001b[39m \u001b[35m10\u001b[39m)\u001b[33m,\u001b[39m\u001b[0m\u001b[22m\n\u001b[2m\u001b[22m\n\u001b[2m      \u001b[2mat ConfigService.getOrThrow (\u001b[22m\u001b[2m../../../node_modules/@nestjs/config/dist/config.service.js\u001b[2m:132:19)\u001b[22m\u001b[2m\u001b[22m\n\u001b[2m      \u001b[2mat InstanceWrapper.useFactory [as metatype] (\u001b[22m\u001b[2m../src/auth/auth.module.ts\u001b[2m:28:31)\u001b[22m\u001b[2m\u001b[22m\n\u001b[2m      \u001b[2mat TestingInjector.instantiateClass (\u001b[22m\u001b[2m../../../node_modules/@nestjs/core/injector/injector.js\u001b[2m:422:55)\u001b[22m\u001b[2m\u001b[22m\n\u001b[2m      \u001b[2mat callback (\u001b[22m\u001b[2m../../../node_modules/@nestjs/core/injector/injector.js\u001b[2m:70:45)\u001b[22m\u001b[2m\u001b[22m\n\u001b[2m      \u001b[2mat TestingInjector.resolveConstructorParams (\u001b[22m\u001b[2m../../../node_modules/@nestjs/core/injector/injector.js\u001b[2m:170:24)\u001b[22m\u001b[2m\u001b[22m\n\u001b[2m      \u001b[2mat TestingInjector.loadInstance (\u001b[22m\u001b[2m../../../node_modules/@nestjs/core/injector/injector.js\u001b[2m:75:13)\u001b[22m\u001b[2m\u001b[22m\n\u001b[2m      \u001b[2mat TestingInjector.loadProvider (\u001b[22m\u001b[2m../../../node_modules/@nestjs/core/injector/injector.js\u001b[2m:103:9)\u001b[22m\u001b[2m\u001b[22m\n\u001b[2m      \u001b[2mat \u001b[22m\u001b[2m../../../node_modules/@nestjs/core/injector/instance-loader.js\u001b[2m:56:13\u001b[22m\u001b[2m\u001b[22m\n\u001b[2m          at async Promise.all (index 4)\u001b[22m\n\u001b[2m      \u001b[2mat TestingInstanceLoader.createInstancesOfProviders (\u001b[22m\u001b[2m../../../node_modules/@nestjs/core/injector/instance-loader.js\u001b[2m:55:9)\u001b[22m\u001b[2m\u001b[22m\n\u001b[2m      \u001b[2mat \u001b[22m\u001b[2m../../../node_modules/@nestjs/core/injector/instance-loader.js\u001b[2m:40:13\u001b[22m\u001b[2m\u001b[22m\n\u001b[2m          at async Promise.all (index 13)\u001b[22m\n\u001b[2m      \u001b[2mat TestingInstanceLoader.createInstances (\u001b[22m\u001b[2m../../../node_modules/@nestjs/core/injector/instance-loader.js\u001b[2m:39:9)\u001b[22m\u001b[2m\u001b[22m\n\u001b[2m      \u001b[2mat TestingInstanceLoader.createInstancesOfDependencies (\u001b[22m\u001b[2m../../../node_modules/@nestjs/core/injector/instance-loader.js\u001b[2m:22:13)\u001b[22m\u001b[2m\u001b[22m\n\u001b[2m      \u001b[2mat TestingInstanceLoader.createInstancesOfDependencies (\u001b[22m\u001b[2m../../../node_modules/@nestjs/testing/testing-instance-loader.js\u001b[2m:9:9)\u001b[22m\u001b[2m\u001b[22m\n\u001b[2m      \u001b[2mat TestingModuleBuilder.createInstancesOfDependencies (\u001b[22m\u001b[2m../../../node_modules/@nestjs/testing/testing-module.builder.js\u001b[2m:118:9)\u001b[22m\u001b[2m\u001b[22m\n\u001b[2m      \u001b[2mat TestingModuleBuilder.compile (\u001b[22m\u001b[2m../../../node_modules/@nestjs/testing/testing-module.builder.js\u001b[2m:74:9)\u001b[22m\u001b[2m\u001b[22m\n\u001b[2m      \u001b[2mat Object.<anonymous> (\u001b[22m\u001b[2m\u001b[0m\u001b[36mstatus.e2e-spec.ts\u001b[39m\u001b[0m\u001b[2m:46:42)\u001b[22m\u001b[2m\u001b[22m\n\n\u001b[1m\u001b[31m  \u001b[1m● \u001b[22m\u001b[1mStatusGateway (e2e) › WebSocket Connection Flow › should notify clients when a user connects and disconnects\u001b[39m\u001b[22m\n\n    TypeError: Configuration key \"JWT_SECRET\" does not exist\n\u001b[2m\u001b[22m\n\u001b[2m    \u001b[0m \u001b[90m 26 |\u001b[39m         \u001b[90m// Si no, la aplicación fallará al iniciar con un error claro.\u001b[39m\u001b[22m\n\u001b[2m     \u001b[90m 27 |\u001b[39m         \u001b[90m// Esto garantiza a TypeScript que el valor nunca será 'undefined'.\u001b[39m\u001b[22m\n\u001b[2m    \u001b[31m\u001b[1m>\u001b[22m\u001b[2m\u001b[39m\u001b[90m 28 |\u001b[39m         secret\u001b[33m:\u001b[39m configService\u001b[33m.\u001b[39mgetOrThrow\u001b[33m<\u001b[39m\u001b[33mstring\u001b[39m\u001b[33m>\u001b[39m(\u001b[32m'JWT_SECRET'\u001b[39m)\u001b[33m,\u001b[39m\u001b[22m\n\u001b[2m     \u001b[90m    |\u001b[39m                               \u001b[31m\u001b[1m^\u001b[22m\u001b[2m\u001b[39m\u001b[22m\n\u001b[2m     \u001b[90m 29 |\u001b[39m         signOptions\u001b[33m:\u001b[39m {\u001b[22m\n\u001b[2m     \u001b[90m 30 |\u001b[39m           \u001b[90m// La librería acepta un número de segundos.\u001b[39m\u001b[22m\n\u001b[2m     \u001b[90m 31 |\u001b[39m           expiresIn\u001b[33m:\u001b[39m parseInt(configService\u001b[33m.\u001b[39m\u001b[36mget\u001b[39m(\u001b[32m'JWT_EXPIRATION'\u001b[39m\u001b[33m,\u001b[39m \u001b[32m'3600'\u001b[39m)\u001b[33m,\u001b[39m \u001b[35m10\u001b[39m)\u001b[33m,\u001b[39m\u001b[0m\u001b[22m\n\u001b[2m\u001b[22m\n\u001b[2m      \u001b[2mat ConfigService.getOrThrow (\u001b[22m\u001b[2m../../../node_modules/@nestjs/config/dist/config.service.js\u001b[2m:132:19)\u001b[22m\u001b[2m\u001b[22m\n\u001b[2m      \u001b[2mat InstanceWrapper.useFactory [as metatype] (\u001b[22m\u001b[2m../src/auth/auth.module.ts\u001b[2m:28:31)\u001b[22m\u001b[2m\u001b[22m\n\u001b[2m      \u001b[2mat TestingInjector.instantiateClass (\u001b[22m\u001b[2m../../../node_modules/@nestjs/core/injector/injector.js\u001b[2m:422:55)\u001b[22m\u001b[2m\u001b[22m\n\u001b[2m      \u001b[2mat callback (\u001b[22m\u001b[2m../../../node_modules/@nestjs/core/injector/injector.js\u001b[2m:70:45)\u001b[22m\u001b[2m\u001b[22m\n\u001b[2m      \u001b[2mat TestingInjector.resolveConstructorParams (\u001b[22m\u001b[2m../../../node_modules/@nestjs/core/injector/injector.js\u001b[2m:170:24)\u001b[22m\u001b[2m\u001b[22m\n\u001b[2m      \u001b[2mat TestingInjector.loadInstance (\u001b[22m\u001b[2m../../../node_modules/@nestjs/core/injector/injector.js\u001b[2m:75:13)\u001b[22m\u001b[2m\u001b[22m\n\u001b[2m      \u001b[2mat TestingInjector.loadProvider (\u001b[22m\u001b[2m../../../node_modules/@nestjs/core/injector/injector.js\u001b[2m:103:9)\u001b[22m\u001b[2m\u001b[22m\n\u001b[2m      \u001b[2mat \u001b[22m\u001b[2m../../../node_modules/@nestjs/core/injector/instance-loader.js\u001b[2m:56:13\u001b[22m\u001b[2m\u001b[22m\n\u001b[2m          at async Promise.all (index 4)\u001b[22m\n\u001b[2m      \u001b[2mat TestingInstanceLoader.createInstancesOfProviders (\u001b[22m\u001b[2m../../../node_modules/@nestjs/core/injector/instance-loader.js\u001b[2m:55:9)\u001b[22m\u001b[2m\u001b[22m\n\u001b[2m      \u001b[2mat \u001b[22m\u001b[2m../../../node_modules/@nestjs/core/injector/instance-loader.js\u001b[2m:40:13\u001b[22m\u001b[2m\u001b[22m\n\u001b[2m          at async Promise.all (index 13)\u001b[22m\n\u001b[2m      \u001b[2mat TestingInstanceLoader.createInstances (\u001b[22m\u001b[2m../../../node_modules/@nestjs/core/injector/instance-loader.js\u001b[2m:39:9)\u001b[22m\u001b[2m\u001b[22m\n\u001b[2m      \u001b[2mat TestingInstanceLoader.createInstancesOfDependencies (\u001b[22m\u001b[2m../../../node_modules/@nestjs/core/injector/instance-loader.js\u001b[2m:22:13)\u001b[22m\u001b[2m\u001b[22m\n\u001b[2m      \u001b[2mat TestingInstanceLoader.createInstancesOfDependencies (\u001b[22m\u001b[2m../../../node_modules/@nestjs/testing/testing-instance-loader.js\u001b[2m:9:9)\u001b[22m\u001b[2m\u001b[22m\n\u001b[2m      \u001b[2mat TestingModuleBuilder.createInstancesOfDependencies (\u001b[22m\u001b[2m../../../node_modules/@nestjs/testing/testing-module.builder.js\u001b[2m:118:9)\u001b[22m\u001b[2m\u001b[22m\n\u001b[2m      \u001b[2mat TestingModuleBuilder.compile (\u001b[22m\u001b[2m../../../node_modules/@nestjs/testing/testing-module.builder.js\u001b[2m:74:9)\u001b[22m\u001b[2m\u001b[22m\n\u001b[2m      \u001b[2mat Object.<anonymous> (\u001b[22m\u001b[2m\u001b[0m\u001b[36mstatus.e2e-spec.ts\u001b[39m\u001b[0m\u001b[2m:46:42)\u001b[22m\u001b[2m\u001b[22m\n\n\u001b[1m\u001b[31m  \u001b[1m● \u001b[22m\u001b[1mStatusGateway (e2e) › Admin Forced Disconnection Flow › should allow an admin to disconnect a user and invalidate their token\u001b[39m\u001b[22m\n\n    TypeError: Configuration key \"JWT_SECRET\" does not exist\n\u001b[2m\u001b[22m\n\u001b[2m    \u001b[0m \u001b[90m 26 |\u001b[39m         \u001b[90m// Si no, la aplicación fallará al iniciar con un error claro.\u001b[39m\u001b[22m\n\u001b[2m     \u001b[90m 27 |\u001b[39m         \u001b[90m// Esto garantiza a TypeScript que el valor nunca será 'undefined'.\u001b[39m\u001b[22m\n\u001b[2m    \u001b[31m\u001b[1m>\u001b[22m\u001b[2m\u001b[39m\u001b[90m 28 |\u001b[39m         secret\u001b[33m:\u001b[39m configService\u001b[33m.\u001b[39mgetOrThrow\u001b[33m<\u001b[39m\u001b[33mstring\u001b[39m\u001b[33m>\u001b[39m(\u001b[32m'JWT_SECRET'\u001b[39m)\u001b[33m,\u001b[39m\u001b[22m\n\u001b[2m     \u001b[90m    |\u001b[39m                               \u001b[31m\u001b[1m^\u001b[22m\u001b[2m\u001b[39m\u001b[22m\n\u001b[2m     \u001b[90m 29 |\u001b[39m         signOptions\u001b[33m:\u001b[39m {\u001b[22m\n\u001b[2m     \u001b[90m 30 |\u001b[39m           \u001b[90m// La librería acepta un número de segundos.\u001b[39m\u001b[22m\n\u001b[2m     \u001b[90m 31 |\u001b[39m           expiresIn\u001b[33m:\u001b[39m parseInt(configService\u001b[33m.\u001b[39m\u001b[36mget\u001b[39m(\u001b[32m'JWT_EXPIRATION'\u001b[39m\u001b[33m,\u001b[39m \u001b[32m'3600'\u001b[39m)\u001b[33m,\u001b[39m \u001b[35m10\u001b[39m)\u001b[33m,\u001b[39m\u001b[0m\u001b[22m\n\u001b[2m\u001b[22m\n\u001b[2m      \u001b[2mat ConfigService.getOrThrow (\u001b[22m\u001b[2m../../../node_modules/@nestjs/config/dist/config.service.js\u001b[2m:132:19)\u001b[22m\u001b[2m\u001b[22m\n\u001b[2m      \u001b[2mat InstanceWrapper.useFactory [as metatype] (\u001b[22m\u001b[2m../src/auth/auth.module.ts\u001b[2m:28:31)\u001b[22m\u001b[2m\u001b[22m\n\u001b[2m      \u001b[2mat TestingInjector.instantiateClass (\u001b[22m\u001b[2m../../../node_modules/@nestjs/core/injector/injector.js\u001b[2m:422:55)\u001b[22m\u001b[2m\u001b[22m\n\u001b[2m      \u001b[2mat callback (\u001b[22m\u001b[2m../../../node_modules/@nestjs/core/injector/injector.js\u001b[2m:70:45)\u001b[22m\u001b[2m\u001b[22m\n\u001b[2m      \u001b[2mat TestingInjector.resolveConstructorParams (\u001b[22m\u001b[2m../../../node_modules/@nestjs/core/injector/injector.js\u001b[2m:170:24)\u001b[22m\u001b[2m\u001b[22m\n\u001b[2m      \u001b[2mat TestingInjector.loadInstance (\u001b[22m\u001b[2m../../../node_modules/@nestjs/core/injector/injector.js\u001b[2m:75:13)\u001b[22m\u001b[2m\u001b[22m\n\u001b[2m      \u001b[2mat TestingInjector.loadProvider (\u001b[22m\u001b[2m../../../node_modules/@nestjs/core/injector/injector.js\u001b[2m:103:9)\u001b[22m\u001b[2m\u001b[22m\n\u001b[2m      \u001b[2mat \u001b[22m\u001b[2m../../../node_modules/@nestjs/core/injector/instance-loader.js\u001b[2m:56:13\u001b[22m\u001b[2m\u001b[22m\n\u001b[2m          at async Promise.all (index 4)\u001b[22m\n\u001b[2m      \u001b[2mat TestingInstanceLoader.createInstancesOfProviders (\u001b[22m\u001b[2m../../../node_modules/@nestjs/core/injector/instance-loader.js\u001b[2m:55:9)\u001b[22m\u001b[2m\u001b[22m\n\u001b[2m      \u001b[2mat \u001b[22m\u001b[2m../../../node_modules/@nestjs/core/injector/instance-loader.js\u001b[2m:40:13\u001b[22m\u001b[2m\u001b[22m\n\u001b[2m          at async Promise.all (index 13)\u001b[22m\n\u001b[2m      \u001b[2mat TestingInstanceLoader.createInstances (\u001b[22m\u001b[2m../../../node_modules/@nestjs/core/injector/instance-loader.js\u001b[2m:39:9)\u001b[22m\u001b[2m\u001b[22m\n\u001b[2m      \u001b[2mat TestingInstanceLoader.createInstancesOfDependencies (\u001b[22m\u001b[2m../../../node_modules/@nestjs/core/injector/instance-loader.js\u001b[2m:22:13)\u001b[22m\u001b[2m\u001b[22m\n\u001b[2m      \u001b[2mat TestingInstanceLoader.createInstancesOfDependencies (\u001b[22m\u001b[2m../../../node_modules/@nestjs/testing/testing-instance-loader.js\u001b[2m:9:9)\u001b[22m\u001b[2m\u001b[22m\n\u001b[2m      \u001b[2mat TestingModuleBuilder.createInstancesOfDependencies (\u001b[22m\u001b[2m../../../node_modules/@nestjs/testing/testing-module.builder.js\u001b[2m:118:9)\u001b[22m\u001b[2m\u001b[22m\n\u001b[2m      \u001b[2mat TestingModuleBuilder.compile (\u001b[22m\u001b[2m../../../node_modules/@nestjs/testing/testing-module.builder.js\u001b[2m:74:9)\u001b[22m\u001b[2m\u001b[22m\n\u001b[2m      \u001b[2mat Object.<anonymous> (\u001b[22m\u001b[2m\u001b[0m\u001b[36mstatus.e2e-spec.ts\u001b[39m\u001b[0m\u001b[2m:46:42)\u001b[22m\u001b[2m\u001b[22m\n\n\u001b[1m\u001b[31m  \u001b[1m● \u001b[22m\u001b[1mStatusGateway (e2e) › Login Lockdown Flow (HTTP) › should block non-admin logins when lockdown is active\u001b[39m\u001b[22m\n\n    TypeError: Configuration key \"JWT_SECRET\" does not exist\n\u001b[2m\u001b[22m\n\u001b[2m    \u001b[0m \u001b[90m 26 |\u001b[39m         \u001b[90m// Si no, la aplicación fallará al iniciar con un error claro.\u001b[39m\u001b[22m\n\u001b[2m     \u001b[90m 27 |\u001b[39m         \u001b[90m// Esto garantiza a TypeScript que el valor nunca será 'undefined'.\u001b[39m\u001b[22m\n\u001b[2m    \u001b[31m\u001b[1m>\u001b[22m\u001b[2m\u001b[39m\u001b[90m 28 |\u001b[39m         secret\u001b[33m:\u001b[39m configService\u001b[33m.\u001b[39mgetOrThrow\u001b[33m<\u001b[39m\u001b[33mstring\u001b[39m\u001b[33m>\u001b[39m(\u001b[32m'JWT_SECRET'\u001b[39m)\u001b[33m,\u001b[39m\u001b[22m\n\u001b[2m     \u001b[90m    |\u001b[39m                               \u001b[31m\u001b[1m^\u001b[22m\u001b[2m\u001b[39m\u001b[22m\n\u001b[2m     \u001b[90m 29 |\u001b[39m         signOptions\u001b[33m:\u001b[39m {\u001b[22m\n\u001b[2m     \u001b[90m 30 |\u001b[39m           \u001b[90m// La librería acepta un número de segundos.\u001b[39m\u001b[22m\n\u001b[2m     \u001b[90m 31 |\u001b[39m           expiresIn\u001b[33m:\u001b[39m parseInt(configService\u001b[33m.\u001b[39m\u001b[36mget\u001b[39m(\u001b[32m'JWT_EXPIRATION'\u001b[39m\u001b[33m,\u001b[39m \u001b[32m'3600'\u001b[39m)\u001b[33m,\u001b[39m \u001b[35m10\u001b[39m)\u001b[33m,\u001b[39m\u001b[0m\u001b[22m\n\u001b[2m\u001b[22m\n\u001b[2m      \u001b[2mat ConfigService.getOrThrow (\u001b[22m\u001b[2m../../../node_modules/@nestjs/config/dist/config.service.js\u001b[2m:132:19)\u001b[22m\u001b[2m\u001b[22m\n\u001b[2m      \u001b[2mat InstanceWrapper.useFactory [as metatype] (\u001b[22m\u001b[2m../src/auth/auth.module.ts\u001b[2m:28:31)\u001b[22m\u001b[2m\u001b[22m\n\u001b[2m      \u001b[2mat TestingInjector.instantiateClass (\u001b[22m\u001b[2m../../../node_modules/@nestjs/core/injector/injector.js\u001b[2m:422:55)\u001b[22m\u001b[2m\u001b[22m\n\u001b[2m      \u001b[2mat callback (\u001b[22m\u001b[2m../../../node_modules/@nestjs/core/injector/injector.js\u001b[2m:70:45)\u001b[22m\u001b[2m\u001b[22m\n\u001b[2m      \u001b[2mat TestingInjector.resolveConstructorParams (\u001b[22m\u001b[2m../../../node_modules/@nestjs/core/injector/injector.js\u001b[2m:170:24)\u001b[22m\u001b[2m\u001b[22m\n\u001b[2m      \u001b[2mat TestingInjector.loadInstance (\u001b[22m\u001b[2m../../../node_modules/@nestjs/core/injector/injector.js\u001b[2m:75:13)\u001b[22m\u001b[2m\u001b[22m\n\u001b[2m      \u001b[2mat TestingInjector.loadProvider (\u001b[22m\u001b[2m../../../node_modules/@nestjs/core/injector/injector.js\u001b[2m:103:9)\u001b[22m\u001b[2m\u001b[22m\n\u001b[2m      \u001b[2mat \u001b[22m\u001b[2m../../../node_modules/@nestjs/core/injector/instance-loader.js\u001b[2m:56:13\u001b[22m\u001b[2m\u001b[22m\n\u001b[2m          at async Promise.all (index 4)\u001b[22m\n\u001b[2m      \u001b[2mat TestingInstanceLoader.createInstancesOfProviders (\u001b[22m\u001b[2m../../../node_modules/@nestjs/core/injector/instance-loader.js\u001b[2m:55:9)\u001b[22m\u001b[2m\u001b[22m\n\u001b[2m      \u001b[2mat \u001b[22m\u001b[2m../../../node_modules/@nestjs/core/injector/instance-loader.js\u001b[2m:40:13\u001b[22m\u001b[2m\u001b[22m\n\u001b[2m          at async Promise.all (index 13)\u001b[22m\n\u001b[2m      \u001b[2mat TestingInstanceLoader.createInstances (\u001b[22m\u001b[2m../../../node_modules/@nestjs/core/injector/instance-loader.js\u001b[2m:39:9)\u001b[22m\u001b[2m\u001b[22m\n\u001b[2m      \u001b[2mat TestingInstanceLoader.createInstancesOfDependencies (\u001b[22m\u001b[2m../../../node_modules/@nestjs/core/injector/instance-loader.js\u001b[2m:22:13)\u001b[22m\u001b[2m\u001b[22m\n\u001b[2m      \u001b[2mat TestingInstanceLoader.createInstancesOfDependencies (\u001b[22m\u001b[2m../../../node_modules/@nestjs/testing/testing-instance-loader.js\u001b[2m:9:9)\u001b[22m\u001b[2m\u001b[22m\n\u001b[2m      \u001b[2mat TestingModuleBuilder.createInstancesOfDependencies (\u001b[22m\u001b[2m../../../node_modules/@nestjs/testing/testing-module.builder.js\u001b[2m:118:9)\u001b[22m\u001b[2m\u001b[22m\n\u001b[2m      \u001b[2mat TestingModuleBuilder.compile (\u001b[22m\u001b[2m../../../node_modules/@nestjs/testing/testing-module.builder.js\u001b[2m:74:9)\u001b[22m\u001b[2m\u001b[22m\n\u001b[2m      \u001b[2mat Object.<anonymous> (\u001b[22m\u001b[2m\u001b[0m\u001b[36mstatus.e2e-spec.ts\u001b[39m\u001b[0m\u001b[2m:46:42)\u001b[22m\u001b[2m\u001b[22m\n\n\u001b[1m\u001b[31m  \u001b[1m● \u001b[22m\u001b[1mStatusGateway (e2e) › Login Lockdown Flow (HTTP) › should block non-admin logins when lockdown is active\u001b[39m\u001b[22m\n\n    TypeError: Cannot read properties of undefined (reading 'address')\n\u001b[2m\u001b[22m\n\u001b[2m    \u001b[0m \u001b[90m 211 |\u001b[39m       \u001b[90m// para no afectar a otros tests, obteniendo primero el estado actual.\u001b[39m\u001b[22m\n\u001b[2m     \u001b[90m 212 |\u001b[39m       \u001b[36mconst\u001b[39m statusRes \u001b[33m=\u001b[39m \u001b[36mawait\u001b[39m request(httpServer)\u001b[22m\n\u001b[2m    \u001b[31m\u001b[1m>\u001b[22m\u001b[2m\u001b[39m\u001b[90m 213 |\u001b[39m         \u001b[33m.\u001b[39m\u001b[36mget\u001b[39m(\u001b[32m'/auth/lockdown-status'\u001b[39m)\u001b[22m\n\u001b[2m     \u001b[90m     |\u001b[39m          \u001b[31m\u001b[1m^\u001b[22m\u001b[2m\u001b[39m\u001b[22m\n\u001b[2m     \u001b[90m 214 |\u001b[39m         \u001b[33m.\u001b[39m\u001b[36mset\u001b[39m(\u001b[32m'Authorization'\u001b[39m\u001b[33m,\u001b[39m \u001b[32m`Bearer ${adminToken}`\u001b[39m)\u001b[33m;\u001b[39m\u001b[22m\n\u001b[2m     \u001b[90m 215 |\u001b[39m\u001b[22m\n\u001b[2m     \u001b[90m 216 |\u001b[39m       \u001b[36mif\u001b[39m (statusRes\u001b[33m.\u001b[39mbody\u001b[33m.\u001b[39misLocked) {\u001b[0m\u001b[22m\n\u001b[2m\u001b[22m\n\u001b[2m      \u001b[2mat Test.serverAddress (\u001b[22m\u001b[2m../../../node_modules/supertest/lib/test.js\u001b[2m:61:22)\u001b[22m\u001b[2m\u001b[22m\n\u001b[2m      \u001b[2mat new Test (\u001b[22m\u001b[2m../../../node_modules/supertest/lib/test.js\u001b[2m:49:14)\u001b[22m\u001b[2m\u001b[22m\n\u001b[2m      \u001b[2mat Object.obj.<computed> [as get] (\u001b[22m\u001b[2m../../../node_modules/supertest/index.js\u001b[2m:39:18)\u001b[22m\u001b[2m\u001b[22m\n\u001b[2m      \u001b[2mat Object.<anonymous> (\u001b[22m\u001b[2m\u001b[0m\u001b[36mstatus.e2e-spec.ts\u001b[39m\u001b[0m\u001b[2m:213:10)\u001b[22m\u001b[2m\u001b[22m\n\n\n  \u001b[1m● \u001b[22mTest suite failed to run\n\n    TypeError: Cannot read properties of undefined (reading 'close')\n\n    \u001b[0m \u001b[90m 89 |\u001b[39m\n     \u001b[90m 90 |\u001b[39m   afterAll(\u001b[36masync\u001b[39m () \u001b[33m=>\u001b[39m {\n    \u001b[31m\u001b[1m>\u001b[22m\u001b[39m\u001b[90m 91 |\u001b[39m     \u001b[36mawait\u001b[39m app\u001b[33m.\u001b[39mclose()\u001b[33m;\u001b[39m\n     \u001b[90m    |\u001b[39m               \u001b[31m\u001b[1m^\u001b[22m\u001b[39m\n     \u001b[90m 92 |\u001b[39m   })\u001b[33m;\u001b[39m\n     \u001b[90m 93 |\u001b[39m\n     \u001b[90m 94 |\u001b[39m   describe(\u001b[32m'WebSocket Connection Flow'\u001b[39m\u001b[33m,\u001b[39m () \u001b[33m=>\u001b[39m {\u001b[0m\n\n      \u001b[2mat Object.<anonymous> (\u001b[22mstatus.e2e-spec.ts\u001b[2m:91:15)\u001b[22m\n",
      "name": "C:\\Users\\rll_l\\code\\cuadrantes2\\apps\\api\\test\\status.e2e-spec.ts",
      "startTime": 1761215572214,
      "status": "failed",
      "summary": ""
    },
    {
      "assertionResults": [
        {
          "ancestorTitles": ["AuthController (e2e)", "POST /auth/login"],
          "duration": 0,
          "failureDetails": [{}],
          "failureMessages": [
            "TypeError: Configuration key \"JWT_SECRET\" does not exist\n    at ConfigService.getOrThrow (C:\\Users\\rll_l\\code\\cuadrantes2\\node_modules\\@nestjs\\config\\dist\\config.service.js:132:19)\n    at InstanceWrapper.useFactory [as metatype] (C:\\Users\\rll_l\\code\\cuadrantes2\\apps\\api\\src\\auth\\auth.module.ts:28:31)\n    at TestingInjector.instantiateClass (C:\\Users\\rll_l\\code\\cuadrantes2\\node_modules\\@nestjs\\core\\injector\\injector.js:422:55)\n    at callback (C:\\Users\\rll_l\\code\\cuadrantes2\\node_modules\\@nestjs\\core\\injector\\injector.js:70:45)\n    at TestingInjector.resolveConstructorParams (C:\\Users\\rll_l\\code\\cuadrantes2\\node_modules\\@nestjs\\core\\injector\\injector.js:170:24)\n    at TestingInjector.loadInstance (C:\\Users\\rll_l\\code\\cuadrantes2\\node_modules\\@nestjs\\core\\injector\\injector.js:75:13)\n    at TestingInjector.loadProvider (C:\\Users\\rll_l\\code\\cuadrantes2\\node_modules\\@nestjs\\core\\injector\\injector.js:103:9)\n    at C:\\Users\\rll_l\\code\\cuadrantes2\\node_modules\\@nestjs\\core\\injector\\instance-loader.js:56:13\n    at async Promise.all (index 4)\n    at TestingInstanceLoader.createInstancesOfProviders (C:\\Users\\rll_l\\code\\cuadrantes2\\node_modules\\@nestjs\\core\\injector\\instance-loader.js:55:9)\n    at C:\\Users\\rll_l\\code\\cuadrantes2\\node_modules\\@nestjs\\core\\injector\\instance-loader.js:40:13\n    at async Promise.all (index 13)\n    at TestingInstanceLoader.createInstances (C:\\Users\\rll_l\\code\\cuadrantes2\\node_modules\\@nestjs\\core\\injector\\instance-loader.js:39:9)\n    at TestingInstanceLoader.createInstancesOfDependencies (C:\\Users\\rll_l\\code\\cuadrantes2\\node_modules\\@nestjs\\core\\injector\\instance-loader.js:22:13)\n    at TestingInstanceLoader.createInstancesOfDependencies (C:\\Users\\rll_l\\code\\cuadrantes2\\node_modules\\@nestjs\\testing\\testing-instance-loader.js:9:9)\n    at TestingModuleBuilder.createInstancesOfDependencies (C:\\Users\\rll_l\\code\\cuadrantes2\\node_modules\\@nestjs\\testing\\testing-module.builder.js:118:9)\n    at TestingModuleBuilder.compile (C:\\Users\\rll_l\\code\\cuadrantes2\\node_modules\\@nestjs\\testing\\testing-module.builder.js:74:9)\n    at Object.<anonymous> (C:\\Users\\rll_l\\code\\cuadrantes2\\apps\\api\\test\\auth.e2e-spec.ts:22:42)"
          ],
          "fullName": "AuthController (e2e) POST /auth/login should return 401 Unauthorized for incorrect credentials",
          "invocations": 1,
          "location": null,
          "numPassingAsserts": 0,
          "retryReasons": [],
          "status": "failed",
          "title": "should return 401 Unauthorized for incorrect credentials"
        },
        {
          "ancestorTitles": ["AuthController (e2e)", "POST /auth/login"],
          "duration": 0,
          "failureDetails": [{}],
          "failureMessages": [
            "TypeError: Configuration key \"JWT_SECRET\" does not exist\n    at ConfigService.getOrThrow (C:\\Users\\rll_l\\code\\cuadrantes2\\node_modules\\@nestjs\\config\\dist\\config.service.js:132:19)\n    at InstanceWrapper.useFactory [as metatype] (C:\\Users\\rll_l\\code\\cuadrantes2\\apps\\api\\src\\auth\\auth.module.ts:28:31)\n    at TestingInjector.instantiateClass (C:\\Users\\rll_l\\code\\cuadrantes2\\node_modules\\@nestjs\\core\\injector\\injector.js:422:55)\n    at callback (C:\\Users\\rll_l\\code\\cuadrantes2\\node_modules\\@nestjs\\core\\injector\\injector.js:70:45)\n    at TestingInjector.resolveConstructorParams (C:\\Users\\rll_l\\code\\cuadrantes2\\node_modules\\@nestjs\\core\\injector\\injector.js:170:24)\n    at TestingInjector.loadInstance (C:\\Users\\rll_l\\code\\cuadrantes2\\node_modules\\@nestjs\\core\\injector\\injector.js:75:13)\n    at TestingInjector.loadProvider (C:\\Users\\rll_l\\code\\cuadrantes2\\node_modules\\@nestjs\\core\\injector\\injector.js:103:9)\n    at C:\\Users\\rll_l\\code\\cuadrantes2\\node_modules\\@nestjs\\core\\injector\\instance-loader.js:56:13\n    at async Promise.all (index 4)\n    at TestingInstanceLoader.createInstancesOfProviders (C:\\Users\\rll_l\\code\\cuadrantes2\\node_modules\\@nestjs\\core\\injector\\instance-loader.js:55:9)\n    at C:\\Users\\rll_l\\code\\cuadrantes2\\node_modules\\@nestjs\\core\\injector\\instance-loader.js:40:13\n    at async Promise.all (index 13)\n    at TestingInstanceLoader.createInstances (C:\\Users\\rll_l\\code\\cuadrantes2\\node_modules\\@nestjs\\core\\injector\\instance-loader.js:39:9)\n    at TestingInstanceLoader.createInstancesOfDependencies (C:\\Users\\rll_l\\code\\cuadrantes2\\node_modules\\@nestjs\\core\\injector\\instance-loader.js:22:13)\n    at TestingInstanceLoader.createInstancesOfDependencies (C:\\Users\\rll_l\\code\\cuadrantes2\\node_modules\\@nestjs\\testing\\testing-instance-loader.js:9:9)\n    at TestingModuleBuilder.createInstancesOfDependencies (C:\\Users\\rll_l\\code\\cuadrantes2\\node_modules\\@nestjs\\testing\\testing-module.builder.js:118:9)\n    at TestingModuleBuilder.compile (C:\\Users\\rll_l\\code\\cuadrantes2\\node_modules\\@nestjs\\testing\\testing-module.builder.js:74:9)\n    at Object.<anonymous> (C:\\Users\\rll_l\\code\\cuadrantes2\\apps\\api\\test\\auth.e2e-spec.ts:22:42)"
          ],
          "fullName": "AuthController (e2e) POST /auth/login should return a JWT access_token for correct credentials",
          "invocations": 1,
          "location": null,
          "numPassingAsserts": 0,
          "retryReasons": [],
          "status": "failed",
          "title": "should return a JWT access_token for correct credentials"
        },
        {
          "ancestorTitles": ["AuthController (e2e)", "GET /auth/profile"],
          "duration": 0,
          "failureDetails": [{}],
          "failureMessages": [
            "TypeError: Configuration key \"JWT_SECRET\" does not exist\n    at ConfigService.getOrThrow (C:\\Users\\rll_l\\code\\cuadrantes2\\node_modules\\@nestjs\\config\\dist\\config.service.js:132:19)\n    at InstanceWrapper.useFactory [as metatype] (C:\\Users\\rll_l\\code\\cuadrantes2\\apps\\api\\src\\auth\\auth.module.ts:28:31)\n    at TestingInjector.instantiateClass (C:\\Users\\rll_l\\code\\cuadrantes2\\node_modules\\@nestjs\\core\\injector\\injector.js:422:55)\n    at callback (C:\\Users\\rll_l\\code\\cuadrantes2\\node_modules\\@nestjs\\core\\injector\\injector.js:70:45)\n    at TestingInjector.resolveConstructorParams (C:\\Users\\rll_l\\code\\cuadrantes2\\node_modules\\@nestjs\\core\\injector\\injector.js:170:24)\n    at TestingInjector.loadInstance (C:\\Users\\rll_l\\code\\cuadrantes2\\node_modules\\@nestjs\\core\\injector\\injector.js:75:13)\n    at TestingInjector.loadProvider (C:\\Users\\rll_l\\code\\cuadrantes2\\node_modules\\@nestjs\\core\\injector\\injector.js:103:9)\n    at C:\\Users\\rll_l\\code\\cuadrantes2\\node_modules\\@nestjs\\core\\injector\\instance-loader.js:56:13\n    at async Promise.all (index 4)\n    at TestingInstanceLoader.createInstancesOfProviders (C:\\Users\\rll_l\\code\\cuadrantes2\\node_modules\\@nestjs\\core\\injector\\instance-loader.js:55:9)\n    at C:\\Users\\rll_l\\code\\cuadrantes2\\node_modules\\@nestjs\\core\\injector\\instance-loader.js:40:13\n    at async Promise.all (index 13)\n    at TestingInstanceLoader.createInstances (C:\\Users\\rll_l\\code\\cuadrantes2\\node_modules\\@nestjs\\core\\injector\\instance-loader.js:39:9)\n    at TestingInstanceLoader.createInstancesOfDependencies (C:\\Users\\rll_l\\code\\cuadrantes2\\node_modules\\@nestjs\\core\\injector\\instance-loader.js:22:13)\n    at TestingInstanceLoader.createInstancesOfDependencies (C:\\Users\\rll_l\\code\\cuadrantes2\\node_modules\\@nestjs\\testing\\testing-instance-loader.js:9:9)\n    at TestingModuleBuilder.createInstancesOfDependencies (C:\\Users\\rll_l\\code\\cuadrantes2\\node_modules\\@nestjs\\testing\\testing-module.builder.js:118:9)\n    at TestingModuleBuilder.compile (C:\\Users\\rll_l\\code\\cuadrantes2\\node_modules\\@nestjs\\testing\\testing-module.builder.js:74:9)\n    at Object.<anonymous> (C:\\Users\\rll_l\\code\\cuadrantes2\\apps\\api\\test\\auth.e2e-spec.ts:22:42)"
          ],
          "fullName": "AuthController (e2e) GET /auth/profile should return 401 Unauthorized if no token is provided",
          "invocations": 1,
          "location": null,
          "numPassingAsserts": 0,
          "retryReasons": [],
          "status": "failed",
          "title": "should return 401 Unauthorized if no token is provided"
        },
        {
          "ancestorTitles": ["AuthController (e2e)", "GET /auth/profile"],
          "duration": 0,
          "failureDetails": [{}],
          "failureMessages": [
            "TypeError: Configuration key \"JWT_SECRET\" does not exist\n    at ConfigService.getOrThrow (C:\\Users\\rll_l\\code\\cuadrantes2\\node_modules\\@nestjs\\config\\dist\\config.service.js:132:19)\n    at InstanceWrapper.useFactory [as metatype] (C:\\Users\\rll_l\\code\\cuadrantes2\\apps\\api\\src\\auth\\auth.module.ts:28:31)\n    at TestingInjector.instantiateClass (C:\\Users\\rll_l\\code\\cuadrantes2\\node_modules\\@nestjs\\core\\injector\\injector.js:422:55)\n    at callback (C:\\Users\\rll_l\\code\\cuadrantes2\\node_modules\\@nestjs\\core\\injector\\injector.js:70:45)\n    at TestingInjector.resolveConstructorParams (C:\\Users\\rll_l\\code\\cuadrantes2\\node_modules\\@nestjs\\core\\injector\\injector.js:170:24)\n    at TestingInjector.loadInstance (C:\\Users\\rll_l\\code\\cuadrantes2\\node_modules\\@nestjs\\core\\injector\\injector.js:75:13)\n    at TestingInjector.loadProvider (C:\\Users\\rll_l\\code\\cuadrantes2\\node_modules\\@nestjs\\core\\injector\\injector.js:103:9)\n    at C:\\Users\\rll_l\\code\\cuadrantes2\\node_modules\\@nestjs\\core\\injector\\instance-loader.js:56:13\n    at async Promise.all (index 4)\n    at TestingInstanceLoader.createInstancesOfProviders (C:\\Users\\rll_l\\code\\cuadrantes2\\node_modules\\@nestjs\\core\\injector\\instance-loader.js:55:9)\n    at C:\\Users\\rll_l\\code\\cuadrantes2\\node_modules\\@nestjs\\core\\injector\\instance-loader.js:40:13\n    at async Promise.all (index 13)\n    at TestingInstanceLoader.createInstances (C:\\Users\\rll_l\\code\\cuadrantes2\\node_modules\\@nestjs\\core\\injector\\instance-loader.js:39:9)\n    at TestingInstanceLoader.createInstancesOfDependencies (C:\\Users\\rll_l\\code\\cuadrantes2\\node_modules\\@nestjs\\core\\injector\\instance-loader.js:22:13)\n    at TestingInstanceLoader.createInstancesOfDependencies (C:\\Users\\rll_l\\code\\cuadrantes2\\node_modules\\@nestjs\\testing\\testing-instance-loader.js:9:9)\n    at TestingModuleBuilder.createInstancesOfDependencies (C:\\Users\\rll_l\\code\\cuadrantes2\\node_modules\\@nestjs\\testing\\testing-module.builder.js:118:9)\n    at TestingModuleBuilder.compile (C:\\Users\\rll_l\\code\\cuadrantes2\\node_modules\\@nestjs\\testing\\testing-module.builder.js:74:9)\n    at Object.<anonymous> (C:\\Users\\rll_l\\code\\cuadrantes2\\apps\\api\\test\\auth.e2e-spec.ts:22:42)"
          ],
          "fullName": "AuthController (e2e) GET /auth/profile should return user profile data for a valid token",
          "invocations": 1,
          "location": null,
          "numPassingAsserts": 0,
          "retryReasons": [],
          "status": "failed",
          "title": "should return user profile data for a valid token"
        },
        {
          "ancestorTitles": ["AuthController (e2e)", "POST /auth/refresh"],
          "duration": 0,
          "failureDetails": [{}],
          "failureMessages": [
            "TypeError: Configuration key \"JWT_SECRET\" does not exist\n    at ConfigService.getOrThrow (C:\\Users\\rll_l\\code\\cuadrantes2\\node_modules\\@nestjs\\config\\dist\\config.service.js:132:19)\n    at InstanceWrapper.useFactory [as metatype] (C:\\Users\\rll_l\\code\\cuadrantes2\\apps\\api\\src\\auth\\auth.module.ts:28:31)\n    at TestingInjector.instantiateClass (C:\\Users\\rll_l\\code\\cuadrantes2\\node_modules\\@nestjs\\core\\injector\\injector.js:422:55)\n    at callback (C:\\Users\\rll_l\\code\\cuadrantes2\\node_modules\\@nestjs\\core\\injector\\injector.js:70:45)\n    at TestingInjector.resolveConstructorParams (C:\\Users\\rll_l\\code\\cuadrantes2\\node_modules\\@nestjs\\core\\injector\\injector.js:170:24)\n    at TestingInjector.loadInstance (C:\\Users\\rll_l\\code\\cuadrantes2\\node_modules\\@nestjs\\core\\injector\\injector.js:75:13)\n    at TestingInjector.loadProvider (C:\\Users\\rll_l\\code\\cuadrantes2\\node_modules\\@nestjs\\core\\injector\\injector.js:103:9)\n    at C:\\Users\\rll_l\\code\\cuadrantes2\\node_modules\\@nestjs\\core\\injector\\instance-loader.js:56:13\n    at async Promise.all (index 4)\n    at TestingInstanceLoader.createInstancesOfProviders (C:\\Users\\rll_l\\code\\cuadrantes2\\node_modules\\@nestjs\\core\\injector\\instance-loader.js:55:9)\n    at C:\\Users\\rll_l\\code\\cuadrantes2\\node_modules\\@nestjs\\core\\injector\\instance-loader.js:40:13\n    at async Promise.all (index 13)\n    at TestingInstanceLoader.createInstances (C:\\Users\\rll_l\\code\\cuadrantes2\\node_modules\\@nestjs\\core\\injector\\instance-loader.js:39:9)\n    at TestingInstanceLoader.createInstancesOfDependencies (C:\\Users\\rll_l\\code\\cuadrantes2\\node_modules\\@nestjs\\core\\injector\\instance-loader.js:22:13)\n    at TestingInstanceLoader.createInstancesOfDependencies (C:\\Users\\rll_l\\code\\cuadrantes2\\node_modules\\@nestjs\\testing\\testing-instance-loader.js:9:9)\n    at TestingModuleBuilder.createInstancesOfDependencies (C:\\Users\\rll_l\\code\\cuadrantes2\\node_modules\\@nestjs\\testing\\testing-module.builder.js:118:9)\n    at TestingModuleBuilder.compile (C:\\Users\\rll_l\\code\\cuadrantes2\\node_modules\\@nestjs\\testing\\testing-module.builder.js:74:9)\n    at Object.<anonymous> (C:\\Users\\rll_l\\code\\cuadrantes2\\apps\\api\\test\\auth.e2e-spec.ts:22:42)"
          ],
          "fullName": "AuthController (e2e) POST /auth/refresh should return 401 Unauthorized if no token is provided",
          "invocations": 1,
          "location": null,
          "numPassingAsserts": 0,
          "retryReasons": [],
          "status": "failed",
          "title": "should return 401 Unauthorized if no token is provided"
        },
        {
          "ancestorTitles": ["AuthController (e2e)", "POST /auth/refresh"],
          "duration": 0,
          "failureDetails": [{}],
          "failureMessages": [
            "TypeError: Configuration key \"JWT_SECRET\" does not exist\n    at ConfigService.getOrThrow (C:\\Users\\rll_l\\code\\cuadrantes2\\node_modules\\@nestjs\\config\\dist\\config.service.js:132:19)\n    at InstanceWrapper.useFactory [as metatype] (C:\\Users\\rll_l\\code\\cuadrantes2\\apps\\api\\src\\auth\\auth.module.ts:28:31)\n    at TestingInjector.instantiateClass (C:\\Users\\rll_l\\code\\cuadrantes2\\node_modules\\@nestjs\\core\\injector\\injector.js:422:55)\n    at callback (C:\\Users\\rll_l\\code\\cuadrantes2\\node_modules\\@nestjs\\core\\injector\\injector.js:70:45)\n    at TestingInjector.resolveConstructorParams (C:\\Users\\rll_l\\code\\cuadrantes2\\node_modules\\@nestjs\\core\\injector\\injector.js:170:24)\n    at TestingInjector.loadInstance (C:\\Users\\rll_l\\code\\cuadrantes2\\node_modules\\@nestjs\\core\\injector\\injector.js:75:13)\n    at TestingInjector.loadProvider (C:\\Users\\rll_l\\code\\cuadrantes2\\node_modules\\@nestjs\\core\\injector\\injector.js:103:9)\n    at C:\\Users\\rll_l\\code\\cuadrantes2\\node_modules\\@nestjs\\core\\injector\\instance-loader.js:56:13\n    at async Promise.all (index 4)\n    at TestingInstanceLoader.createInstancesOfProviders (C:\\Users\\rll_l\\code\\cuadrantes2\\node_modules\\@nestjs\\core\\injector\\instance-loader.js:55:9)\n    at C:\\Users\\rll_l\\code\\cuadrantes2\\node_modules\\@nestjs\\core\\injector\\instance-loader.js:40:13\n    at async Promise.all (index 13)\n    at TestingInstanceLoader.createInstances (C:\\Users\\rll_l\\code\\cuadrantes2\\node_modules\\@nestjs\\core\\injector\\instance-loader.js:39:9)\n    at TestingInstanceLoader.createInstancesOfDependencies (C:\\Users\\rll_l\\code\\cuadrantes2\\node_modules\\@nestjs\\core\\injector\\instance-loader.js:22:13)\n    at TestingInstanceLoader.createInstancesOfDependencies (C:\\Users\\rll_l\\code\\cuadrantes2\\node_modules\\@nestjs\\testing\\testing-instance-loader.js:9:9)\n    at TestingModuleBuilder.createInstancesOfDependencies (C:\\Users\\rll_l\\code\\cuadrantes2\\node_modules\\@nestjs\\testing\\testing-module.builder.js:118:9)\n    at TestingModuleBuilder.compile (C:\\Users\\rll_l\\code\\cuadrantes2\\node_modules\\@nestjs\\testing\\testing-module.builder.js:74:9)\n    at Object.<anonymous> (C:\\Users\\rll_l\\code\\cuadrantes2\\apps\\api\\test\\auth.e2e-spec.ts:22:42)"
          ],
          "fullName": "AuthController (e2e) POST /auth/refresh should return a new access_token for a valid token",
          "invocations": 1,
          "location": null,
          "numPassingAsserts": 0,
          "retryReasons": [],
          "status": "failed",
          "title": "should return a new access_token for a valid token"
        }
      ],
      "coverage": {},
      "endTime": 1761215572214,
      "message": "\u001b[1m\u001b[31m  \u001b[1m● \u001b[22m\u001b[1mAuthController (e2e) › POST /auth/login › should return 401 Unauthorized for incorrect credentials\u001b[39m\u001b[22m\n\n    TypeError: Configuration key \"JWT_SECRET\" does not exist\n\u001b[2m\u001b[22m\n\u001b[2m    \u001b[0m \u001b[90m 26 |\u001b[39m         \u001b[90m// Si no, la aplicación fallará al iniciar con un error claro.\u001b[39m\u001b[22m\n\u001b[2m     \u001b[90m 27 |\u001b[39m         \u001b[90m// Esto garantiza a TypeScript que el valor nunca será 'undefined'.\u001b[39m\u001b[22m\n\u001b[2m    \u001b[31m\u001b[1m>\u001b[22m\u001b[2m\u001b[39m\u001b[90m 28 |\u001b[39m         secret\u001b[33m:\u001b[39m configService\u001b[33m.\u001b[39mgetOrThrow\u001b[33m<\u001b[39m\u001b[33mstring\u001b[39m\u001b[33m>\u001b[39m(\u001b[32m'JWT_SECRET'\u001b[39m)\u001b[33m,\u001b[39m\u001b[22m\n\u001b[2m     \u001b[90m    |\u001b[39m                               \u001b[31m\u001b[1m^\u001b[22m\u001b[2m\u001b[39m\u001b[22m\n\u001b[2m     \u001b[90m 29 |\u001b[39m         signOptions\u001b[33m:\u001b[39m {\u001b[22m\n\u001b[2m     \u001b[90m 30 |\u001b[39m           \u001b[90m// La librería acepta un número de segundos.\u001b[39m\u001b[22m\n\u001b[2m     \u001b[90m 31 |\u001b[39m           expiresIn\u001b[33m:\u001b[39m parseInt(configService\u001b[33m.\u001b[39m\u001b[36mget\u001b[39m(\u001b[32m'JWT_EXPIRATION'\u001b[39m\u001b[33m,\u001b[39m \u001b[32m'3600'\u001b[39m)\u001b[33m,\u001b[39m \u001b[35m10\u001b[39m)\u001b[33m,\u001b[39m\u001b[0m\u001b[22m\n\u001b[2m\u001b[22m\n\u001b[2m      \u001b[2mat ConfigService.getOrThrow (\u001b[22m\u001b[2m../../../node_modules/@nestjs/config/dist/config.service.js\u001b[2m:132:19)\u001b[22m\u001b[2m\u001b[22m\n\u001b[2m      \u001b[2mat InstanceWrapper.useFactory [as metatype] (\u001b[22m\u001b[2m../src/auth/auth.module.ts\u001b[2m:28:31)\u001b[22m\u001b[2m\u001b[22m\n\u001b[2m      \u001b[2mat TestingInjector.instantiateClass (\u001b[22m\u001b[2m../../../node_modules/@nestjs/core/injector/injector.js\u001b[2m:422:55)\u001b[22m\u001b[2m\u001b[22m\n\u001b[2m      \u001b[2mat callback (\u001b[22m\u001b[2m../../../node_modules/@nestjs/core/injector/injector.js\u001b[2m:70:45)\u001b[22m\u001b[2m\u001b[22m\n\u001b[2m      \u001b[2mat TestingInjector.resolveConstructorParams (\u001b[22m\u001b[2m../../../node_modules/@nestjs/core/injector/injector.js\u001b[2m:170:24)\u001b[22m\u001b[2m\u001b[22m\n\u001b[2m      \u001b[2mat TestingInjector.loadInstance (\u001b[22m\u001b[2m../../../node_modules/@nestjs/core/injector/injector.js\u001b[2m:75:13)\u001b[22m\u001b[2m\u001b[22m\n\u001b[2m      \u001b[2mat TestingInjector.loadProvider (\u001b[22m\u001b[2m../../../node_modules/@nestjs/core/injector/injector.js\u001b[2m:103:9)\u001b[22m\u001b[2m\u001b[22m\n\u001b[2m      \u001b[2mat \u001b[22m\u001b[2m../../../node_modules/@nestjs/core/injector/instance-loader.js\u001b[2m:56:13\u001b[22m\u001b[2m\u001b[22m\n\u001b[2m          at async Promise.all (index 4)\u001b[22m\n\u001b[2m      \u001b[2mat TestingInstanceLoader.createInstancesOfProviders (\u001b[22m\u001b[2m../../../node_modules/@nestjs/core/injector/instance-loader.js\u001b[2m:55:9)\u001b[22m\u001b[2m\u001b[22m\n\u001b[2m      \u001b[2mat \u001b[22m\u001b[2m../../../node_modules/@nestjs/core/injector/instance-loader.js\u001b[2m:40:13\u001b[22m\u001b[2m\u001b[22m\n\u001b[2m          at async Promise.all (index 13)\u001b[22m\n\u001b[2m      \u001b[2mat TestingInstanceLoader.createInstances (\u001b[22m\u001b[2m../../../node_modules/@nestjs/core/injector/instance-loader.js\u001b[2m:39:9)\u001b[22m\u001b[2m\u001b[22m\n\u001b[2m      \u001b[2mat TestingInstanceLoader.createInstancesOfDependencies (\u001b[22m\u001b[2m../../../node_modules/@nestjs/core/injector/instance-loader.js\u001b[2m:22:13)\u001b[22m\u001b[2m\u001b[22m\n\u001b[2m      \u001b[2mat TestingInstanceLoader.createInstancesOfDependencies (\u001b[22m\u001b[2m../../../node_modules/@nestjs/testing/testing-instance-loader.js\u001b[2m:9:9)\u001b[22m\u001b[2m\u001b[22m\n\u001b[2m      \u001b[2mat TestingModuleBuilder.createInstancesOfDependencies (\u001b[22m\u001b[2m../../../node_modules/@nestjs/testing/testing-module.builder.js\u001b[2m:118:9)\u001b[22m\u001b[2m\u001b[22m\n\u001b[2m      \u001b[2mat TestingModuleBuilder.compile (\u001b[22m\u001b[2m../../../node_modules/@nestjs/testing/testing-module.builder.js\u001b[2m:74:9)\u001b[22m\u001b[2m\u001b[22m\n\u001b[2m      \u001b[2mat Object.<anonymous> (\u001b[22m\u001b[2m\u001b[0m\u001b[36mauth.e2e-spec.ts\u001b[39m\u001b[0m\u001b[2m:22:42)\u001b[22m\u001b[2m\u001b[22m\n\n\u001b[1m\u001b[31m  \u001b[1m● \u001b[22m\u001b[1mAuthController (e2e) › POST /auth/login › should return a JWT access_token for correct credentials\u001b[39m\u001b[22m\n\n    TypeError: Configuration key \"JWT_SECRET\" does not exist\n\u001b[2m\u001b[22m\n\u001b[2m    \u001b[0m \u001b[90m 26 |\u001b[39m         \u001b[90m// Si no, la aplicación fallará al iniciar con un error claro.\u001b[39m\u001b[22m\n\u001b[2m     \u001b[90m 27 |\u001b[39m         \u001b[90m// Esto garantiza a TypeScript que el valor nunca será 'undefined'.\u001b[39m\u001b[22m\n\u001b[2m    \u001b[31m\u001b[1m>\u001b[22m\u001b[2m\u001b[39m\u001b[90m 28 |\u001b[39m         secret\u001b[33m:\u001b[39m configService\u001b[33m.\u001b[39mgetOrThrow\u001b[33m<\u001b[39m\u001b[33mstring\u001b[39m\u001b[33m>\u001b[39m(\u001b[32m'JWT_SECRET'\u001b[39m)\u001b[33m,\u001b[39m\u001b[22m\n\u001b[2m     \u001b[90m    |\u001b[39m                               \u001b[31m\u001b[1m^\u001b[22m\u001b[2m\u001b[39m\u001b[22m\n\u001b[2m     \u001b[90m 29 |\u001b[39m         signOptions\u001b[33m:\u001b[39m {\u001b[22m\n\u001b[2m     \u001b[90m 30 |\u001b[39m           \u001b[90m// La librería acepta un número de segundos.\u001b[39m\u001b[22m\n\u001b[2m     \u001b[90m 31 |\u001b[39m           expiresIn\u001b[33m:\u001b[39m parseInt(configService\u001b[33m.\u001b[39m\u001b[36mget\u001b[39m(\u001b[32m'JWT_EXPIRATION'\u001b[39m\u001b[33m,\u001b[39m \u001b[32m'3600'\u001b[39m)\u001b[33m,\u001b[39m \u001b[35m10\u001b[39m)\u001b[33m,\u001b[39m\u001b[0m\u001b[22m\n\u001b[2m\u001b[22m\n\u001b[2m      \u001b[2mat ConfigService.getOrThrow (\u001b[22m\u001b[2m../../../node_modules/@nestjs/config/dist/config.service.js\u001b[2m:132:19)\u001b[22m\u001b[2m\u001b[22m\n\u001b[2m      \u001b[2mat InstanceWrapper.useFactory [as metatype] (\u001b[22m\u001b[2m../src/auth/auth.module.ts\u001b[2m:28:31)\u001b[22m\u001b[2m\u001b[22m\n\u001b[2m      \u001b[2mat TestingInjector.instantiateClass (\u001b[22m\u001b[2m../../../node_modules/@nestjs/core/injector/injector.js\u001b[2m:422:55)\u001b[22m\u001b[2m\u001b[22m\n\u001b[2m      \u001b[2mat callback (\u001b[22m\u001b[2m../../../node_modules/@nestjs/core/injector/injector.js\u001b[2m:70:45)\u001b[22m\u001b[2m\u001b[22m\n\u001b[2m      \u001b[2mat TestingInjector.resolveConstructorParams (\u001b[22m\u001b[2m../../../node_modules/@nestjs/core/injector/injector.js\u001b[2m:170:24)\u001b[22m\u001b[2m\u001b[22m\n\u001b[2m      \u001b[2mat TestingInjector.loadInstance (\u001b[22m\u001b[2m../../../node_modules/@nestjs/core/injector/injector.js\u001b[2m:75:13)\u001b[22m\u001b[2m\u001b[22m\n\u001b[2m      \u001b[2mat TestingInjector.loadProvider (\u001b[22m\u001b[2m../../../node_modules/@nestjs/core/injector/injector.js\u001b[2m:103:9)\u001b[22m\u001b[2m\u001b[22m\n\u001b[2m      \u001b[2mat \u001b[22m\u001b[2m../../../node_modules/@nestjs/core/injector/instance-loader.js\u001b[2m:56:13\u001b[22m\u001b[2m\u001b[22m\n\u001b[2m          at async Promise.all (index 4)\u001b[22m\n\u001b[2m      \u001b[2mat TestingInstanceLoader.createInstancesOfProviders (\u001b[22m\u001b[2m../../../node_modules/@nestjs/core/injector/instance-loader.js\u001b[2m:55:9)\u001b[22m\u001b[2m\u001b[22m\n\u001b[2m      \u001b[2mat \u001b[22m\u001b[2m../../../node_modules/@nestjs/core/injector/instance-loader.js\u001b[2m:40:13\u001b[22m\u001b[2m\u001b[22m\n\u001b[2m          at async Promise.all (index 13)\u001b[22m\n\u001b[2m      \u001b[2mat TestingInstanceLoader.createInstances (\u001b[22m\u001b[2m../../../node_modules/@nestjs/core/injector/instance-loader.js\u001b[2m:39:9)\u001b[22m\u001b[2m\u001b[22m\n\u001b[2m      \u001b[2mat TestingInstanceLoader.createInstancesOfDependencies (\u001b[22m\u001b[2m../../../node_modules/@nestjs/core/injector/instance-loader.js\u001b[2m:22:13)\u001b[22m\u001b[2m\u001b[22m\n\u001b[2m      \u001b[2mat TestingInstanceLoader.createInstancesOfDependencies (\u001b[22m\u001b[2m../../../node_modules/@nestjs/testing/testing-instance-loader.js\u001b[2m:9:9)\u001b[22m\u001b[2m\u001b[22m\n\u001b[2m      \u001b[2mat TestingModuleBuilder.createInstancesOfDependencies (\u001b[22m\u001b[2m../../../node_modules/@nestjs/testing/testing-module.builder.js\u001b[2m:118:9)\u001b[22m\u001b[2m\u001b[22m\n\u001b[2m      \u001b[2mat TestingModuleBuilder.compile (\u001b[22m\u001b[2m../../../node_modules/@nestjs/testing/testing-module.builder.js\u001b[2m:74:9)\u001b[22m\u001b[2m\u001b[22m\n\u001b[2m      \u001b[2mat Object.<anonymous> (\u001b[22m\u001b[2m\u001b[0m\u001b[36mauth.e2e-spec.ts\u001b[39m\u001b[0m\u001b[2m:22:42)\u001b[22m\u001b[2m\u001b[22m\n\n\u001b[1m\u001b[31m  \u001b[1m● \u001b[22m\u001b[1mAuthController (e2e) › GET /auth/profile › should return 401 Unauthorized if no token is provided\u001b[39m\u001b[22m\n\n    TypeError: Configuration key \"JWT_SECRET\" does not exist\n\u001b[2m\u001b[22m\n\u001b[2m    \u001b[0m \u001b[90m 26 |\u001b[39m         \u001b[90m// Si no, la aplicación fallará al iniciar con un error claro.\u001b[39m\u001b[22m\n\u001b[2m     \u001b[90m 27 |\u001b[39m         \u001b[90m// Esto garantiza a TypeScript que el valor nunca será 'undefined'.\u001b[39m\u001b[22m\n\u001b[2m    \u001b[31m\u001b[1m>\u001b[22m\u001b[2m\u001b[39m\u001b[90m 28 |\u001b[39m         secret\u001b[33m:\u001b[39m configService\u001b[33m.\u001b[39mgetOrThrow\u001b[33m<\u001b[39m\u001b[33mstring\u001b[39m\u001b[33m>\u001b[39m(\u001b[32m'JWT_SECRET'\u001b[39m)\u001b[33m,\u001b[39m\u001b[22m\n\u001b[2m     \u001b[90m    |\u001b[39m                               \u001b[31m\u001b[1m^\u001b[22m\u001b[2m\u001b[39m\u001b[22m\n\u001b[2m     \u001b[90m 29 |\u001b[39m         signOptions\u001b[33m:\u001b[39m {\u001b[22m\n\u001b[2m     \u001b[90m 30 |\u001b[39m           \u001b[90m// La librería acepta un número de segundos.\u001b[39m\u001b[22m\n\u001b[2m     \u001b[90m 31 |\u001b[39m           expiresIn\u001b[33m:\u001b[39m parseInt(configService\u001b[33m.\u001b[39m\u001b[36mget\u001b[39m(\u001b[32m'JWT_EXPIRATION'\u001b[39m\u001b[33m,\u001b[39m \u001b[32m'3600'\u001b[39m)\u001b[33m,\u001b[39m \u001b[35m10\u001b[39m)\u001b[33m,\u001b[39m\u001b[0m\u001b[22m\n\u001b[2m\u001b[22m\n\u001b[2m      \u001b[2mat ConfigService.getOrThrow (\u001b[22m\u001b[2m../../../node_modules/@nestjs/config/dist/config.service.js\u001b[2m:132:19)\u001b[22m\u001b[2m\u001b[22m\n\u001b[2m      \u001b[2mat InstanceWrapper.useFactory [as metatype] (\u001b[22m\u001b[2m../src/auth/auth.module.ts\u001b[2m:28:31)\u001b[22m\u001b[2m\u001b[22m\n\u001b[2m      \u001b[2mat TestingInjector.instantiateClass (\u001b[22m\u001b[2m../../../node_modules/@nestjs/core/injector/injector.js\u001b[2m:422:55)\u001b[22m\u001b[2m\u001b[22m\n\u001b[2m      \u001b[2mat callback (\u001b[22m\u001b[2m../../../node_modules/@nestjs/core/injector/injector.js\u001b[2m:70:45)\u001b[22m\u001b[2m\u001b[22m\n\u001b[2m      \u001b[2mat TestingInjector.resolveConstructorParams (\u001b[22m\u001b[2m../../../node_modules/@nestjs/core/injector/injector.js\u001b[2m:170:24)\u001b[22m\u001b[2m\u001b[22m\n\u001b[2m      \u001b[2mat TestingInjector.loadInstance (\u001b[22m\u001b[2m../../../node_modules/@nestjs/core/injector/injector.js\u001b[2m:75:13)\u001b[22m\u001b[2m\u001b[22m\n\u001b[2m      \u001b[2mat TestingInjector.loadProvider (\u001b[22m\u001b[2m../../../node_modules/@nestjs/core/injector/injector.js\u001b[2m:103:9)\u001b[22m\u001b[2m\u001b[22m\n\u001b[2m      \u001b[2mat \u001b[22m\u001b[2m../../../node_modules/@nestjs/core/injector/instance-loader.js\u001b[2m:56:13\u001b[22m\u001b[2m\u001b[22m\n\u001b[2m          at async Promise.all (index 4)\u001b[22m\n\u001b[2m      \u001b[2mat TestingInstanceLoader.createInstancesOfProviders (\u001b[22m\u001b[2m../../../node_modules/@nestjs/core/injector/instance-loader.js\u001b[2m:55:9)\u001b[22m\u001b[2m\u001b[22m\n\u001b[2m      \u001b[2mat \u001b[22m\u001b[2m../../../node_modules/@nestjs/core/injector/instance-loader.js\u001b[2m:40:13\u001b[22m\u001b[2m\u001b[22m\n\u001b[2m          at async Promise.all (index 13)\u001b[22m\n\u001b[2m      \u001b[2mat TestingInstanceLoader.createInstances (\u001b[22m\u001b[2m../../../node_modules/@nestjs/core/injector/instance-loader.js\u001b[2m:39:9)\u001b[22m\u001b[2m\u001b[22m\n\u001b[2m      \u001b[2mat TestingInstanceLoader.createInstancesOfDependencies (\u001b[22m\u001b[2m../../../node_modules/@nestjs/core/injector/instance-loader.js\u001b[2m:22:13)\u001b[22m\u001b[2m\u001b[22m\n\u001b[2m      \u001b[2mat TestingInstanceLoader.createInstancesOfDependencies (\u001b[22m\u001b[2m../../../node_modules/@nestjs/testing/testing-instance-loader.js\u001b[2m:9:9)\u001b[22m\u001b[2m\u001b[22m\n\u001b[2m      \u001b[2mat TestingModuleBuilder.createInstancesOfDependencies (\u001b[22m\u001b[2m../../../node_modules/@nestjs/testing/testing-module.builder.js\u001b[2m:118:9)\u001b[22m\u001b[2m\u001b[22m\n\u001b[2m      \u001b[2mat TestingModuleBuilder.compile (\u001b[22m\u001b[2m../../../node_modules/@nestjs/testing/testing-module.builder.js\u001b[2m:74:9)\u001b[22m\u001b[2m\u001b[22m\n\u001b[2m      \u001b[2mat Object.<anonymous> (\u001b[22m\u001b[2m\u001b[0m\u001b[36mauth.e2e-spec.ts\u001b[39m\u001b[0m\u001b[2m:22:42)\u001b[22m\u001b[2m\u001b[22m\n\n\u001b[1m\u001b[31m  \u001b[1m● \u001b[22m\u001b[1mAuthController (e2e) › GET /auth/profile › should return user profile data for a valid token\u001b[39m\u001b[22m\n\n    TypeError: Configuration key \"JWT_SECRET\" does not exist\n\u001b[2m\u001b[22m\n\u001b[2m    \u001b[0m \u001b[90m 26 |\u001b[39m         \u001b[90m// Si no, la aplicación fallará al iniciar con un error claro.\u001b[39m\u001b[22m\n\u001b[2m     \u001b[90m 27 |\u001b[39m         \u001b[90m// Esto garantiza a TypeScript que el valor nunca será 'undefined'.\u001b[39m\u001b[22m\n\u001b[2m    \u001b[31m\u001b[1m>\u001b[22m\u001b[2m\u001b[39m\u001b[90m 28 |\u001b[39m         secret\u001b[33m:\u001b[39m configService\u001b[33m.\u001b[39mgetOrThrow\u001b[33m<\u001b[39m\u001b[33mstring\u001b[39m\u001b[33m>\u001b[39m(\u001b[32m'JWT_SECRET'\u001b[39m)\u001b[33m,\u001b[39m\u001b[22m\n\u001b[2m     \u001b[90m    |\u001b[39m                               \u001b[31m\u001b[1m^\u001b[22m\u001b[2m\u001b[39m\u001b[22m\n\u001b[2m     \u001b[90m 29 |\u001b[39m         signOptions\u001b[33m:\u001b[39m {\u001b[22m\n\u001b[2m     \u001b[90m 30 |\u001b[39m           \u001b[90m// La librería acepta un número de segundos.\u001b[39m\u001b[22m\n\u001b[2m     \u001b[90m 31 |\u001b[39m           expiresIn\u001b[33m:\u001b[39m parseInt(configService\u001b[33m.\u001b[39m\u001b[36mget\u001b[39m(\u001b[32m'JWT_EXPIRATION'\u001b[39m\u001b[33m,\u001b[39m \u001b[32m'3600'\u001b[39m)\u001b[33m,\u001b[39m \u001b[35m10\u001b[39m)\u001b[33m,\u001b[39m\u001b[0m\u001b[22m\n\u001b[2m\u001b[22m\n\u001b[2m      \u001b[2mat ConfigService.getOrThrow (\u001b[22m\u001b[2m../../../node_modules/@nestjs/config/dist/config.service.js\u001b[2m:132:19)\u001b[22m\u001b[2m\u001b[22m\n\u001b[2m      \u001b[2mat InstanceWrapper.useFactory [as metatype] (\u001b[22m\u001b[2m../src/auth/auth.module.ts\u001b[2m:28:31)\u001b[22m\u001b[2m\u001b[22m\n\u001b[2m      \u001b[2mat TestingInjector.instantiateClass (\u001b[22m\u001b[2m../../../node_modules/@nestjs/core/injector/injector.js\u001b[2m:422:55)\u001b[22m\u001b[2m\u001b[22m\n\u001b[2m      \u001b[2mat callback (\u001b[22m\u001b[2m../../../node_modules/@nestjs/core/injector/injector.js\u001b[2m:70:45)\u001b[22m\u001b[2m\u001b[22m\n\u001b[2m      \u001b[2mat TestingInjector.resolveConstructorParams (\u001b[22m\u001b[2m../../../node_modules/@nestjs/core/injector/injector.js\u001b[2m:170:24)\u001b[22m\u001b[2m\u001b[22m\n\u001b[2m      \u001b[2mat TestingInjector.loadInstance (\u001b[22m\u001b[2m../../../node_modules/@nestjs/core/injector/injector.js\u001b[2m:75:13)\u001b[22m\u001b[2m\u001b[22m\n\u001b[2m      \u001b[2mat TestingInjector.loadProvider (\u001b[22m\u001b[2m../../../node_modules/@nestjs/core/injector/injector.js\u001b[2m:103:9)\u001b[22m\u001b[2m\u001b[22m\n\u001b[2m      \u001b[2mat \u001b[22m\u001b[2m../../../node_modules/@nestjs/core/injector/instance-loader.js\u001b[2m:56:13\u001b[22m\u001b[2m\u001b[22m\n\u001b[2m          at async Promise.all (index 4)\u001b[22m\n\u001b[2m      \u001b[2mat TestingInstanceLoader.createInstancesOfProviders (\u001b[22m\u001b[2m../../../node_modules/@nestjs/core/injector/instance-loader.js\u001b[2m:55:9)\u001b[22m\u001b[2m\u001b[22m\n\u001b[2m      \u001b[2mat \u001b[22m\u001b[2m../../../node_modules/@nestjs/core/injector/instance-loader.js\u001b[2m:40:13\u001b[22m\u001b[2m\u001b[22m\n\u001b[2m          at async Promise.all (index 13)\u001b[22m\n\u001b[2m      \u001b[2mat TestingInstanceLoader.createInstances (\u001b[22m\u001b[2m../../../node_modules/@nestjs/core/injector/instance-loader.js\u001b[2m:39:9)\u001b[22m\u001b[2m\u001b[22m\n\u001b[2m      \u001b[2mat TestingInstanceLoader.createInstancesOfDependencies (\u001b[22m\u001b[2m../../../node_modules/@nestjs/core/injector/instance-loader.js\u001b[2m:22:13)\u001b[22m\u001b[2m\u001b[22m\n\u001b[2m      \u001b[2mat TestingInstanceLoader.createInstancesOfDependencies (\u001b[22m\u001b[2m../../../node_modules/@nestjs/testing/testing-instance-loader.js\u001b[2m:9:9)\u001b[22m\u001b[2m\u001b[22m\n\u001b[2m      \u001b[2mat TestingModuleBuilder.createInstancesOfDependencies (\u001b[22m\u001b[2m../../../node_modules/@nestjs/testing/testing-module.builder.js\u001b[2m:118:9)\u001b[22m\u001b[2m\u001b[22m\n\u001b[2m      \u001b[2mat TestingModuleBuilder.compile (\u001b[22m\u001b[2m../../../node_modules/@nestjs/testing/testing-module.builder.js\u001b[2m:74:9)\u001b[22m\u001b[2m\u001b[22m\n\u001b[2m      \u001b[2mat Object.<anonymous> (\u001b[22m\u001b[2m\u001b[0m\u001b[36mauth.e2e-spec.ts\u001b[39m\u001b[0m\u001b[2m:22:42)\u001b[22m\u001b[2m\u001b[22m\n\n\u001b[1m\u001b[31m  \u001b[1m● \u001b[22m\u001b[1mAuthController (e2e) › POST /auth/refresh › should return 401 Unauthorized if no token is provided\u001b[39m\u001b[22m\n\n    TypeError: Configuration key \"JWT_SECRET\" does not exist\n\u001b[2m\u001b[22m\n\u001b[2m    \u001b[0m \u001b[90m 26 |\u001b[39m         \u001b[90m// Si no, la aplicación fallará al iniciar con un error claro.\u001b[39m\u001b[22m\n\u001b[2m     \u001b[90m 27 |\u001b[39m         \u001b[90m// Esto garantiza a TypeScript que el valor nunca será 'undefined'.\u001b[39m\u001b[22m\n\u001b[2m    \u001b[31m\u001b[1m>\u001b[22m\u001b[2m\u001b[39m\u001b[90m 28 |\u001b[39m         secret\u001b[33m:\u001b[39m configService\u001b[33m.\u001b[39mgetOrThrow\u001b[33m<\u001b[39m\u001b[33mstring\u001b[39m\u001b[33m>\u001b[39m(\u001b[32m'JWT_SECRET'\u001b[39m)\u001b[33m,\u001b[39m\u001b[22m\n\u001b[2m     \u001b[90m    |\u001b[39m                               \u001b[31m\u001b[1m^\u001b[22m\u001b[2m\u001b[39m\u001b[22m\n\u001b[2m     \u001b[90m 29 |\u001b[39m         signOptions\u001b[33m:\u001b[39m {\u001b[22m\n\u001b[2m     \u001b[90m 30 |\u001b[39m           \u001b[90m// La librería acepta un número de segundos.\u001b[39m\u001b[22m\n\u001b[2m     \u001b[90m 31 |\u001b[39m           expiresIn\u001b[33m:\u001b[39m parseInt(configService\u001b[33m.\u001b[39m\u001b[36mget\u001b[39m(\u001b[32m'JWT_EXPIRATION'\u001b[39m\u001b[33m,\u001b[39m \u001b[32m'3600'\u001b[39m)\u001b[33m,\u001b[39m \u001b[35m10\u001b[39m)\u001b[33m,\u001b[39m\u001b[0m\u001b[22m\n\u001b[2m\u001b[22m\n\u001b[2m      \u001b[2mat ConfigService.getOrThrow (\u001b[22m\u001b[2m../../../node_modules/@nestjs/config/dist/config.service.js\u001b[2m:132:19)\u001b[22m\u001b[2m\u001b[22m\n\u001b[2m      \u001b[2mat InstanceWrapper.useFactory [as metatype] (\u001b[22m\u001b[2m../src/auth/auth.module.ts\u001b[2m:28:31)\u001b[22m\u001b[2m\u001b[22m\n\u001b[2m      \u001b[2mat TestingInjector.instantiateClass (\u001b[22m\u001b[2m../../../node_modules/@nestjs/core/injector/injector.js\u001b[2m:422:55)\u001b[22m\u001b[2m\u001b[22m\n\u001b[2m      \u001b[2mat callback (\u001b[22m\u001b[2m../../../node_modules/@nestjs/core/injector/injector.js\u001b[2m:70:45)\u001b[22m\u001b[2m\u001b[22m\n\u001b[2m      \u001b[2mat TestingInjector.resolveConstructorParams (\u001b[22m\u001b[2m../../../node_modules/@nestjs/core/injector/injector.js\u001b[2m:170:24)\u001b[22m\u001b[2m\u001b[22m\n\u001b[2m      \u001b[2mat TestingInjector.loadInstance (\u001b[22m\u001b[2m../../../node_modules/@nestjs/core/injector/injector.js\u001b[2m:75:13)\u001b[22m\u001b[2m\u001b[22m\n\u001b[2m      \u001b[2mat TestingInjector.loadProvider (\u001b[22m\u001b[2m../../../node_modules/@nestjs/core/injector/injector.js\u001b[2m:103:9)\u001b[22m\u001b[2m\u001b[22m\n\u001b[2m      \u001b[2mat \u001b[22m\u001b[2m../../../node_modules/@nestjs/core/injector/instance-loader.js\u001b[2m:56:13\u001b[22m\u001b[2m\u001b[22m\n\u001b[2m          at async Promise.all (index 4)\u001b[22m\n\u001b[2m      \u001b[2mat TestingInstanceLoader.createInstancesOfProviders (\u001b[22m\u001b[2m../../../node_modules/@nestjs/core/injector/instance-loader.js\u001b[2m:55:9)\u001b[22m\u001b[2m\u001b[22m\n\u001b[2m      \u001b[2mat \u001b[22m\u001b[2m../../../node_modules/@nestjs/core/injector/instance-loader.js\u001b[2m:40:13\u001b[22m\u001b[2m\u001b[22m\n\u001b[2m          at async Promise.all (index 13)\u001b[22m\n\u001b[2m      \u001b[2mat TestingInstanceLoader.createInstances (\u001b[22m\u001b[2m../../../node_modules/@nestjs/core/injector/instance-loader.js\u001b[2m:39:9)\u001b[22m\u001b[2m\u001b[22m\n\u001b[2m      \u001b[2mat TestingInstanceLoader.createInstancesOfDependencies (\u001b[22m\u001b[2m../../../node_modules/@nestjs/core/injector/instance-loader.js\u001b[2m:22:13)\u001b[22m\u001b[2m\u001b[22m\n\u001b[2m      \u001b[2mat TestingInstanceLoader.createInstancesOfDependencies (\u001b[22m\u001b[2m../../../node_modules/@nestjs/testing/testing-instance-loader.js\u001b[2m:9:9)\u001b[22m\u001b[2m\u001b[22m\n\u001b[2m      \u001b[2mat TestingModuleBuilder.createInstancesOfDependencies (\u001b[22m\u001b[2m../../../node_modules/@nestjs/testing/testing-module.builder.js\u001b[2m:118:9)\u001b[22m\u001b[2m\u001b[22m\n\u001b[2m      \u001b[2mat TestingModuleBuilder.compile (\u001b[22m\u001b[2m../../../node_modules/@nestjs/testing/testing-module.builder.js\u001b[2m:74:9)\u001b[22m\u001b[2m\u001b[22m\n\u001b[2m      \u001b[2mat Object.<anonymous> (\u001b[22m\u001b[2m\u001b[0m\u001b[36mauth.e2e-spec.ts\u001b[39m\u001b[0m\u001b[2m:22:42)\u001b[22m\u001b[2m\u001b[22m\n\n\u001b[1m\u001b[31m  \u001b[1m● \u001b[22m\u001b[1mAuthController (e2e) › POST /auth/refresh › should return a new access_token for a valid token\u001b[39m\u001b[22m\n\n    TypeError: Configuration key \"JWT_SECRET\" does not exist\n\u001b[2m\u001b[22m\n\u001b[2m    \u001b[0m \u001b[90m 26 |\u001b[39m         \u001b[90m// Si no, la aplicación fallará al iniciar con un error claro.\u001b[39m\u001b[22m\n\u001b[2m     \u001b[90m 27 |\u001b[39m         \u001b[90m// Esto garantiza a TypeScript que el valor nunca será 'undefined'.\u001b[39m\u001b[22m\n\u001b[2m    \u001b[31m\u001b[1m>\u001b[22m\u001b[2m\u001b[39m\u001b[90m 28 |\u001b[39m         secret\u001b[33m:\u001b[39m configService\u001b[33m.\u001b[39mgetOrThrow\u001b[33m<\u001b[39m\u001b[33mstring\u001b[39m\u001b[33m>\u001b[39m(\u001b[32m'JWT_SECRET'\u001b[39m)\u001b[33m,\u001b[39m\u001b[22m\n\u001b[2m     \u001b[90m    |\u001b[39m                               \u001b[31m\u001b[1m^\u001b[22m\u001b[2m\u001b[39m\u001b[22m\n\u001b[2m     \u001b[90m 29 |\u001b[39m         signOptions\u001b[33m:\u001b[39m {\u001b[22m\n\u001b[2m     \u001b[90m 30 |\u001b[39m           \u001b[90m// La librería acepta un número de segundos.\u001b[39m\u001b[22m\n\u001b[2m     \u001b[90m 31 |\u001b[39m           expiresIn\u001b[33m:\u001b[39m parseInt(configService\u001b[33m.\u001b[39m\u001b[36mget\u001b[39m(\u001b[32m'JWT_EXPIRATION'\u001b[39m\u001b[33m,\u001b[39m \u001b[32m'3600'\u001b[39m)\u001b[33m,\u001b[39m \u001b[35m10\u001b[39m)\u001b[33m,\u001b[39m\u001b[0m\u001b[22m\n\u001b[2m\u001b[22m\n\u001b[2m      \u001b[2mat ConfigService.getOrThrow (\u001b[22m\u001b[2m../../../node_modules/@nestjs/config/dist/config.service.js\u001b[2m:132:19)\u001b[22m\u001b[2m\u001b[22m\n\u001b[2m      \u001b[2mat InstanceWrapper.useFactory [as metatype] (\u001b[22m\u001b[2m../src/auth/auth.module.ts\u001b[2m:28:31)\u001b[22m\u001b[2m\u001b[22m\n\u001b[2m      \u001b[2mat TestingInjector.instantiateClass (\u001b[22m\u001b[2m../../../node_modules/@nestjs/core/injector/injector.js\u001b[2m:422:55)\u001b[22m\u001b[2m\u001b[22m\n\u001b[2m      \u001b[2mat callback (\u001b[22m\u001b[2m../../../node_modules/@nestjs/core/injector/injector.js\u001b[2m:70:45)\u001b[22m\u001b[2m\u001b[22m\n\u001b[2m      \u001b[2mat TestingInjector.resolveConstructorParams (\u001b[22m\u001b[2m../../../node_modules/@nestjs/core/injector/injector.js\u001b[2m:170:24)\u001b[22m\u001b[2m\u001b[22m\n\u001b[2m      \u001b[2mat TestingInjector.loadInstance (\u001b[22m\u001b[2m../../../node_modules/@nestjs/core/injector/injector.js\u001b[2m:75:13)\u001b[22m\u001b[2m\u001b[22m\n\u001b[2m      \u001b[2mat TestingInjector.loadProvider (\u001b[22m\u001b[2m../../../node_modules/@nestjs/core/injector/injector.js\u001b[2m:103:9)\u001b[22m\u001b[2m\u001b[22m\n\u001b[2m      \u001b[2mat \u001b[22m\u001b[2m../../../node_modules/@nestjs/core/injector/instance-loader.js\u001b[2m:56:13\u001b[22m\u001b[2m\u001b[22m\n\u001b[2m          at async Promise.all (index 4)\u001b[22m\n\u001b[2m      \u001b[2mat TestingInstanceLoader.createInstancesOfProviders (\u001b[22m\u001b[2m../../../node_modules/@nestjs/core/injector/instance-loader.js\u001b[2m:55:9)\u001b[22m\u001b[2m\u001b[22m\n\u001b[2m      \u001b[2mat \u001b[22m\u001b[2m../../../node_modules/@nestjs/core/injector/instance-loader.js\u001b[2m:40:13\u001b[22m\u001b[2m\u001b[22m\n\u001b[2m          at async Promise.all (index 13)\u001b[22m\n\u001b[2m      \u001b[2mat TestingInstanceLoader.createInstances (\u001b[22m\u001b[2m../../../node_modules/@nestjs/core/injector/instance-loader.js\u001b[2m:39:9)\u001b[22m\u001b[2m\u001b[22m\n\u001b[2m      \u001b[2mat TestingInstanceLoader.createInstancesOfDependencies (\u001b[22m\u001b[2m../../../node_modules/@nestjs/core/injector/instance-loader.js\u001b[2m:22:13)\u001b[22m\u001b[2m\u001b[22m\n\u001b[2m      \u001b[2mat TestingInstanceLoader.createInstancesOfDependencies (\u001b[22m\u001b[2m../../../node_modules/@nestjs/testing/testing-instance-loader.js\u001b[2m:9:9)\u001b[22m\u001b[2m\u001b[22m\n\u001b[2m      \u001b[2mat TestingModuleBuilder.createInstancesOfDependencies (\u001b[22m\u001b[2m../../../node_modules/@nestjs/testing/testing-module.builder.js\u001b[2m:118:9)\u001b[22m\u001b[2m\u001b[22m\n\u001b[2m      \u001b[2mat TestingModuleBuilder.compile (\u001b[22m\u001b[2m../../../node_modules/@nestjs/testing/testing-module.builder.js\u001b[2m:74:9)\u001b[22m\u001b[2m\u001b[22m\n\u001b[2m      \u001b[2mat Object.<anonymous> (\u001b[22m\u001b[2m\u001b[0m\u001b[36mauth.e2e-spec.ts\u001b[39m\u001b[0m\u001b[2m:22:42)\u001b[22m\u001b[2m\u001b[22m\n\n\n  \u001b[1m● \u001b[22mTest suite failed to run\n\n    TypeError: Cannot read properties of undefined (reading 'close')\n\n    \u001b[0m \u001b[90m 36 |\u001b[39m\n     \u001b[90m 37 |\u001b[39m   afterAll(\u001b[36masync\u001b[39m () \u001b[33m=>\u001b[39m {\n    \u001b[31m\u001b[1m>\u001b[22m\u001b[39m\u001b[90m 38 |\u001b[39m     \u001b[36mawait\u001b[39m app\u001b[33m.\u001b[39mclose()\u001b[33m;\u001b[39m\n     \u001b[90m    |\u001b[39m               \u001b[31m\u001b[1m^\u001b[22m\u001b[39m\n     \u001b[90m 39 |\u001b[39m   })\u001b[33m;\u001b[39m\n     \u001b[90m 40 |\u001b[39m\n     \u001b[90m 41 |\u001b[39m   describe(\u001b[32m'POST /auth/login'\u001b[39m\u001b[33m,\u001b[39m () \u001b[33m=>\u001b[39m {\u001b[0m\n\n      \u001b[2mat Object.<anonymous> (\u001b[22mauth.e2e-spec.ts\u001b[2m:38:15)\u001b[22m\n",
      "name": "C:\\Users\\rll_l\\code\\cuadrantes2\\apps\\api\\test\\auth.e2e-spec.ts",
      "startTime": 1761215572214,
      "status": "failed",
      "summary": ""
    },
    {
      "assertionResults": [
        {
          "ancestorTitles": ["AppController (e2e)"],
          "duration": 0,
          "failureDetails": [{}],
          "failureMessages": [
            "TypeError: Configuration key \"JWT_SECRET\" does not exist\n    at ConfigService.getOrThrow (C:\\Users\\rll_l\\code\\cuadrantes2\\node_modules\\@nestjs\\config\\dist\\config.service.js:132:19)\n    at InstanceWrapper.useFactory [as metatype] (C:\\Users\\rll_l\\code\\cuadrantes2\\apps\\api\\src\\auth\\auth.module.ts:28:31)\n    at TestingInjector.instantiateClass (C:\\Users\\rll_l\\code\\cuadrantes2\\node_modules\\@nestjs\\core\\injector\\injector.js:422:55)\n    at callback (C:\\Users\\rll_l\\code\\cuadrantes2\\node_modules\\@nestjs\\core\\injector\\injector.js:70:45)\n    at TestingInjector.resolveConstructorParams (C:\\Users\\rll_l\\code\\cuadrantes2\\node_modules\\@nestjs\\core\\injector\\injector.js:170:24)\n    at TestingInjector.loadInstance (C:\\Users\\rll_l\\code\\cuadrantes2\\node_modules\\@nestjs\\core\\injector\\injector.js:75:13)\n    at TestingInjector.loadProvider (C:\\Users\\rll_l\\code\\cuadrantes2\\node_modules\\@nestjs\\core\\injector\\injector.js:103:9)\n    at C:\\Users\\rll_l\\code\\cuadrantes2\\node_modules\\@nestjs\\core\\injector\\instance-loader.js:56:13\n    at async Promise.all (index 4)\n    at TestingInstanceLoader.createInstancesOfProviders (C:\\Users\\rll_l\\code\\cuadrantes2\\node_modules\\@nestjs\\core\\injector\\instance-loader.js:55:9)\n    at C:\\Users\\rll_l\\code\\cuadrantes2\\node_modules\\@nestjs\\core\\injector\\instance-loader.js:40:13\n    at async Promise.all (index 13)\n    at TestingInstanceLoader.createInstances (C:\\Users\\rll_l\\code\\cuadrantes2\\node_modules\\@nestjs\\core\\injector\\instance-loader.js:39:9)\n    at TestingInstanceLoader.createInstancesOfDependencies (C:\\Users\\rll_l\\code\\cuadrantes2\\node_modules\\@nestjs\\core\\injector\\instance-loader.js:22:13)\n    at TestingInstanceLoader.createInstancesOfDependencies (C:\\Users\\rll_l\\code\\cuadrantes2\\node_modules\\@nestjs\\testing\\testing-instance-loader.js:9:9)\n    at TestingModuleBuilder.createInstancesOfDependencies (C:\\Users\\rll_l\\code\\cuadrantes2\\node_modules\\@nestjs\\testing\\testing-module.builder.js:118:9)\n    at TestingModuleBuilder.compile (C:\\Users\\rll_l\\code\\cuadrantes2\\node_modules\\@nestjs\\testing\\testing-module.builder.js:74:9)\n    at Object.<anonymous> (C:\\Users\\rll_l\\code\\cuadrantes2\\apps\\api\\test\\app.e2e-spec.ts:21:42)"
          ],
          "fullName": "AppController (e2e) GET / should return the API status object for an authenticated user",
          "invocations": 1,
          "location": null,
          "numPassingAsserts": 0,
          "retryReasons": [],
          "status": "failed",
          "title": "GET / should return the API status object for an authenticated user"
        }
      ],
      "coverage": {},
      "endTime": 1761215572214,
      "message": "\u001b[1m\u001b[31m  \u001b[1m● \u001b[22m\u001b[1mAppController (e2e) › GET / should return the API status object for an authenticated user\u001b[39m\u001b[22m\n\n    TypeError: Configuration key \"JWT_SECRET\" does not exist\n\u001b[2m\u001b[22m\n\u001b[2m    \u001b[0m \u001b[90m 26 |\u001b[39m         \u001b[90m// Si no, la aplicación fallará al iniciar con un error claro.\u001b[39m\u001b[22m\n\u001b[2m     \u001b[90m 27 |\u001b[39m         \u001b[90m// Esto garantiza a TypeScript que el valor nunca será 'undefined'.\u001b[39m\u001b[22m\n\u001b[2m    \u001b[31m\u001b[1m>\u001b[22m\u001b[2m\u001b[39m\u001b[90m 28 |\u001b[39m         secret\u001b[33m:\u001b[39m configService\u001b[33m.\u001b[39mgetOrThrow\u001b[33m<\u001b[39m\u001b[33mstring\u001b[39m\u001b[33m>\u001b[39m(\u001b[32m'JWT_SECRET'\u001b[39m)\u001b[33m,\u001b[39m\u001b[22m\n\u001b[2m     \u001b[90m    |\u001b[39m                               \u001b[31m\u001b[1m^\u001b[22m\u001b[2m\u001b[39m\u001b[22m\n\u001b[2m     \u001b[90m 29 |\u001b[39m         signOptions\u001b[33m:\u001b[39m {\u001b[22m\n\u001b[2m     \u001b[90m 30 |\u001b[39m           \u001b[90m// La librería acepta un número de segundos.\u001b[39m\u001b[22m\n\u001b[2m     \u001b[90m 31 |\u001b[39m           expiresIn\u001b[33m:\u001b[39m parseInt(configService\u001b[33m.\u001b[39m\u001b[36mget\u001b[39m(\u001b[32m'JWT_EXPIRATION'\u001b[39m\u001b[33m,\u001b[39m \u001b[32m'3600'\u001b[39m)\u001b[33m,\u001b[39m \u001b[35m10\u001b[39m)\u001b[33m,\u001b[39m\u001b[0m\u001b[22m\n\u001b[2m\u001b[22m\n\u001b[2m      \u001b[2mat ConfigService.getOrThrow (\u001b[22m\u001b[2m../../../node_modules/@nestjs/config/dist/config.service.js\u001b[2m:132:19)\u001b[22m\u001b[2m\u001b[22m\n\u001b[2m      \u001b[2mat InstanceWrapper.useFactory [as metatype] (\u001b[22m\u001b[2m../src/auth/auth.module.ts\u001b[2m:28:31)\u001b[22m\u001b[2m\u001b[22m\n\u001b[2m      \u001b[2mat TestingInjector.instantiateClass (\u001b[22m\u001b[2m../../../node_modules/@nestjs/core/injector/injector.js\u001b[2m:422:55)\u001b[22m\u001b[2m\u001b[22m\n\u001b[2m      \u001b[2mat callback (\u001b[22m\u001b[2m../../../node_modules/@nestjs/core/injector/injector.js\u001b[2m:70:45)\u001b[22m\u001b[2m\u001b[22m\n\u001b[2m      \u001b[2mat TestingInjector.resolveConstructorParams (\u001b[22m\u001b[2m../../../node_modules/@nestjs/core/injector/injector.js\u001b[2m:170:24)\u001b[22m\u001b[2m\u001b[22m\n\u001b[2m      \u001b[2mat TestingInjector.loadInstance (\u001b[22m\u001b[2m../../../node_modules/@nestjs/core/injector/injector.js\u001b[2m:75:13)\u001b[22m\u001b[2m\u001b[22m\n\u001b[2m      \u001b[2mat TestingInjector.loadProvider (\u001b[22m\u001b[2m../../../node_modules/@nestjs/core/injector/injector.js\u001b[2m:103:9)\u001b[22m\u001b[2m\u001b[22m\n\u001b[2m      \u001b[2mat \u001b[22m\u001b[2m../../../node_modules/@nestjs/core/injector/instance-loader.js\u001b[2m:56:13\u001b[22m\u001b[2m\u001b[22m\n\u001b[2m          at async Promise.all (index 4)\u001b[22m\n\u001b[2m      \u001b[2mat TestingInstanceLoader.createInstancesOfProviders (\u001b[22m\u001b[2m../../../node_modules/@nestjs/core/injector/instance-loader.js\u001b[2m:55:9)\u001b[22m\u001b[2m\u001b[22m\n\u001b[2m      \u001b[2mat \u001b[22m\u001b[2m../../../node_modules/@nestjs/core/injector/instance-loader.js\u001b[2m:40:13\u001b[22m\u001b[2m\u001b[22m\n\u001b[2m          at async Promise.all (index 13)\u001b[22m\n\u001b[2m      \u001b[2mat TestingInstanceLoader.createInstances (\u001b[22m\u001b[2m../../../node_modules/@nestjs/core/injector/instance-loader.js\u001b[2m:39:9)\u001b[22m\u001b[2m\u001b[22m\n\u001b[2m      \u001b[2mat TestingInstanceLoader.createInstancesOfDependencies (\u001b[22m\u001b[2m../../../node_modules/@nestjs/core/injector/instance-loader.js\u001b[2m:22:13)\u001b[22m\u001b[2m\u001b[22m\n\u001b[2m      \u001b[2mat TestingInstanceLoader.createInstancesOfDependencies (\u001b[22m\u001b[2m../../../node_modules/@nestjs/testing/testing-instance-loader.js\u001b[2m:9:9)\u001b[22m\u001b[2m\u001b[22m\n\u001b[2m      \u001b[2mat TestingModuleBuilder.createInstancesOfDependencies (\u001b[22m\u001b[2m../../../node_modules/@nestjs/testing/testing-module.builder.js\u001b[2m:118:9)\u001b[22m\u001b[2m\u001b[22m\n\u001b[2m      \u001b[2mat TestingModuleBuilder.compile (\u001b[22m\u001b[2m../../../node_modules/@nestjs/testing/testing-module.builder.js\u001b[2m:74:9)\u001b[22m\u001b[2m\u001b[22m\n\u001b[2m      \u001b[2mat Object.<anonymous> (\u001b[22m\u001b[2m\u001b[0m\u001b[36mapp.e2e-spec.ts\u001b[39m\u001b[0m\u001b[2m:21:42)\u001b[22m\u001b[2m\u001b[22m\n\n\n  \u001b[1m● \u001b[22mTest suite failed to run\n\n    TypeError: Cannot read properties of undefined (reading 'close')\n\n    \u001b[0m \u001b[90m 48 |\u001b[39m\n     \u001b[90m 49 |\u001b[39m   afterAll(\u001b[36masync\u001b[39m () \u001b[33m=>\u001b[39m {\n    \u001b[31m\u001b[1m>\u001b[22m\u001b[39m\u001b[90m 50 |\u001b[39m     \u001b[36mawait\u001b[39m app\u001b[33m.\u001b[39mclose()\u001b[33m;\u001b[39m\n     \u001b[90m    |\u001b[39m               \u001b[31m\u001b[1m^\u001b[22m\u001b[39m\n     \u001b[90m 51 |\u001b[39m   })\u001b[33m;\u001b[39m\n     \u001b[90m 52 |\u001b[39m\n     \u001b[90m 53 |\u001b[39m   it(\u001b[32m'GET / should return the API status object for an authenticated user'\u001b[39m\u001b[33m,\u001b[39m () \u001b[33m=>\u001b[39m {\u001b[0m\n\n      \u001b[2mat Object.<anonymous> (\u001b[22mapp.e2e-spec.ts\u001b[2m:50:15)\u001b[22m\n",
      "name": "C:\\Users\\rll_l\\code\\cuadrantes2\\apps\\api\\test\\app.e2e-spec.ts",
      "startTime": 1761215572214,
      "status": "failed",
      "summary": ""
    }
  ],
  "wasInterrupted": false
}
