{"/home/administrador/code/cuadrantes2/apps/gestion/src/app/dashboard/dist-aut-presupuesto/components/DistribucionPresupuestoForm.tsx": {"path":"/home/administrador/code/cuadrantes2/apps/gestion/src/app/dashboard/dist-aut-presupuesto/components/DistribucionPresupuestoForm.tsx","statementMap":{"0":{"start":{"line":27,"column":13},"end":{"line":27,"column":43}},"1":{"start":{"line":3,"column":23},"end":{"line":3,"column":null}},"2":{"start":{"line":17,"column":7},"end":{"line":17,"column":null}},"3":{"start":{"line":18,"column":43},"end":{"line":18,"column":null}},"4":{"start":{"line":19,"column":44},"end":{"line":19,"column":null}},"5":{"start":{"line":21,"column":20},"end":{"line":25,"column":null}},"6":{"start":{"line":22,"column":2},"end":{"line":25,"column":null}},"7":{"start":{"line":27,"column":43},"end":{"line":202,"column":null}},"8":{"start":{"line":28,"column":19},"end":{"line":28,"column":null}},"9":{"start":{"line":45,"column":6},"end":{"line":45,"column":null}},"10":{"start":{"line":48,"column":4},"end":{"line":49,"column":null}},"11":{"start":{"line":51,"column":27},"end":{"line":53,"column":null}},"12":{"start":{"line":52,"column":4},"end":{"line":52,"column":null}},"13":{"start":{"line":55,"column":32},"end":{"line":60,"column":null}},"14":{"start":{"line":58,"column":25},"end":{"line":58,"column":null}},"15":{"start":{"line":59,"column":4},"end":{"line":59,"column":null}},"16":{"start":{"line":62,"column":23},"end":{"line":65,"column":null}},"17":{"start":{"line":63,"column":4},"end":{"line":63,"column":null}},"18":{"start":{"line":64,"column":4},"end":{"line":64,"column":null}},"19":{"start":{"line":67,"column":30},"end":{"line":67,"column":null}},"20":{"start":{"line":86,"column":33},"end":{"line":86,"column":null}},"21":{"start":{"line":146,"column":16},"end":{"line":147,"column":null}},"22":{"start":{"line":172,"column":18},"end":{"line":173,"column":null}}},"fnMap":{"0":{"name":"(anonymous_1)","decl":{"start":{"line":21,"column":20},"end":{"line":21,"column":21}},"loc":{"start":{"line":22,"column":2},"end":{"line":25,"column":null}}},"1":{"name":"(anonymous_2)","decl":{"start":{"line":27,"column":43},"end":{"line":27,"column":null}},"loc":{"start":{"line":27,"column":43},"end":{"line":202,"column":null}}},"2":{"name":"(anonymous_3)","decl":{"start":{"line":51,"column":27},"end":{"line":51,"column":null}},"loc":{"start":{"line":51,"column":27},"end":{"line":53,"column":null}}},"3":{"name":"(anonymous_4)","decl":{"start":{"line":55,"column":32},"end":{"line":55,"column":null}},"loc":{"start":{"line":56,"column":4},"end":{"line":60,"column":null}}},"4":{"name":"(anonymous_5)","decl":{"start":{"line":62,"column":23},"end":{"line":62,"column":30}},"loc":{"start":{"line":62,"column":30},"end":{"line":65,"column":null}}},"5":{"name":"(anonymous_6)","decl":{"start":{"line":86,"column":22},"end":{"line":86,"column":23}},"loc":{"start":{"line":86,"column":33},"end":{"line":86,"column":null}}},"6":{"name":"(anonymous_7)","decl":{"start":{"line":145,"column":26},"end":{"line":145,"column":27}},"loc":{"start":{"line":146,"column":16},"end":{"line":147,"column":null}}},"7":{"name":"(anonymous_8)","decl":{"start":{"line":171,"column":31},"end":{"line":171,"column":32}},"loc":{"start":{"line":172,"column":18},"end":{"line":173,"column":null}}}},"branchMap":{"0":{"loc":{"start":{"line":48,"column":4},"end":{"line":49,"column":null}},"type":"binary-expr","locations":[{"start":{"line":48,"column":4},"end":{"line":48,"column":null}},{"start":{"line":49,"column":5},"end":{"line":49,"column":39}},{"start":{"line":49,"column":39},"end":{"line":49,"column":null}}]},"1":{"loc":{"start":{"line":58,"column":25},"end":{"line":58,"column":null}},"type":"binary-expr","locations":[{"start":{"line":58,"column":25},"end":{"line":58,"column":48}},{"start":{"line":58,"column":52},"end":{"line":58,"column":null}}]},"2":{"loc":{"start":{"line":92,"column":14},"end":{"line":94,"column":null}},"type":"cond-expr","locations":[{"start":{"line":93,"column":18},"end":{"line":93,"column":null}},{"start":{"line":94,"column":18},"end":{"line":94,"column":null}}]},"3":{"loc":{"start":{"line":111,"column":15},"end":{"line":111,"column":null}},"type":"cond-expr","locations":[{"start":{"line":111,"column":22},"end":{"line":111,"column":40}},{"start":{"line":111,"column":40},"end":{"line":111,"column":null}}]},"4":{"loc":{"start":{"line":121,"column":14},"end":{"line":121,"column":null}},"type":"binary-expr","locations":[{"start":{"line":121,"column":14},"end":{"line":121,"column":27}},{"start":{"line":121,"column":27},"end":{"line":121,"column":36}},{"start":{"line":121,"column":36},"end":{"line":121,"column":59}},{"start":{"line":121,"column":59},"end":{"line":121,"column":null}}]},"5":{"loc":{"start":{"line":124,"column":13},"end":{"line":124,"column":null}},"type":"cond-expr","locations":[{"start":{"line":124,"column":25},"end":{"line":124,"column":42}},{"start":{"line":124,"column":42},"end":{"line":124,"column":null}}]},"6":{"loc":{"start":{"line":136,"column":9},"end":{"line":136,"column":null}},"type":"binary-expr","locations":[{"start":{"line":136,"column":9},"end":{"line":136,"column":null}}]},"7":{"loc":{"start":{"line":140,"column":9},"end":{"line":140,"column":23}},"type":"binary-expr","locations":[{"start":{"line":140,"column":9},"end":{"line":140,"column":23}}]},"8":{"loc":{"start":{"line":142,"column":9},"end":{"line":142,"column":null}},"type":"binary-expr","locations":[{"start":{"line":142,"column":9},"end":{"line":142,"column":null}}]},"9":{"loc":{"start":{"line":149,"column":19},"end":{"line":149,"column":null}},"type":"cond-expr","locations":[{"start":{"line":149,"column":37},"end":{"line":149,"column":64}},{"start":{"line":149,"column":67},"end":{"line":149,"column":null}}]},"10":{"loc":{"start":{"line":147,"column":41},"end":{"line":147,"column":69}},"type":"binary-expr","locations":[{"start":{"line":147,"column":41},"end":{"line":147,"column":56}},{"start":{"line":147,"column":60},"end":{"line":147,"column":69}}]},"11":{"loc":{"start":{"line":157,"column":9},"end":{"line":157,"column":33}},"type":"binary-expr","locations":[{"start":{"line":157,"column":9},"end":{"line":157,"column":33}},{"start":{"line":157,"column":33},"end":{"line":157,"column":null}}]},"12":{"loc":{"start":{"line":175,"column":32},"end":{"line":175,"column":null}},"type":"binary-expr","locations":[{"start":{"line":175,"column":32},"end":{"line":175,"column":47}},{"start":{"line":175,"column":51},"end":{"line":175,"column":null}}]},"13":{"loc":{"start":{"line":194,"column":9},"end":{"line":194,"column":24}},"type":"binary-expr","locations":[{"start":{"line":194,"column":9},"end":{"line":194,"column":24}},{"start":{"line":194,"column":24},"end":{"line":194,"column":null}}]}},"s":{"0":6,"1":1,"2":1,"3":1,"4":1,"5":1,"6":1,"7":1,"8":6,"9":6,"10":6,"11":6,"12":0,"13":6,"14":1,"15":1,"16":6,"17":1,"18":1,"19":6,"20":1,"21":1,"22":0},"f":{"0":1,"1":6,"2":0,"3":1,"4":1,"5":1,"6":1,"7":0},"b":{"0":[6,1,1],"1":[1,0],"2":[0,6],"3":[1,5],"4":[6,6,1,1],"5":[0,6],"6":[6],"7":[6],"8":[6],"9":[1,0],"10":[1,0],"11":[6,0],"12":[0,0],"13":[6,1]}}
}
