TN:
SF:apps/gestion/src/app/dashboard/dist-aut-presupuesto/components/DistribucionPresupuestoForm.tsx
FN:21,(anonymous_1)
FN:27,(anonymous_2)
FN:51,(anonymous_3)
FN:55,(anonymous_4)
FN:62,(anonymous_5)
FN:86,(anonymous_6)
FN:145,(anonymous_7)
FN:171,(anonymous_8)
FNF:8
FNH:6
FNDA:1,(anonymous_1)
FNDA:6,(anonymous_2)
FNDA:0,(anonymous_3)
FNDA:1,(anonymous_4)
FNDA:1,(anonymous_5)
FNDA:1,(anonymous_6)
FNDA:1,(anonymous_7)
FNDA:0,(anonymous_8)
DA:3,1
DA:17,1
DA:18,1
DA:19,1
DA:21,1
DA:22,1
DA:27,6
DA:28,6
DA:45,6
DA:48,6
DA:51,6
DA:52,0
DA:55,6
DA:58,1
DA:59,1
DA:62,6
DA:63,1
DA:64,1
DA:67,6
DA:86,1
DA:146,1
DA:172,0
LF:22
LH:20
BRDA:48,0,0,6
BRDA:48,0,1,1
BRDA:48,0,2,1
BRDA:58,1,0,1
BRDA:58,1,1,0
BRDA:92,2,0,0
BRDA:92,2,1,6
BRDA:111,3,0,1
BRDA:111,3,1,5
BRDA:121,4,0,6
BRDA:121,4,1,6
BRDA:121,4,2,1
BRDA:121,4,3,1
BRDA:124,5,0,0
BRDA:124,5,1,6
BRDA:136,6,0,6
BRDA:140,7,0,6
BRDA:142,8,0,6
BRDA:149,9,0,1
BRDA:149,9,1,0
BRDA:147,10,0,1
BRDA:147,10,1,0
BRDA:157,11,0,6
BRDA:157,11,1,0
BRDA:175,12,0,0
BRDA:175,12,1,0
BRDA:194,13,0,6
BRDA:194,13,1,1
BRF:28
BRH:20
end_of_record
